[2025-04-22T19:08:45.121+0000] {processor.py:186} INFO - Started process (PID=58) to work on /opt/airflow/dags/dag_projeto_api-eclick.py
[2025-04-22T19:08:45.123+0000] {processor.py:914} INFO - Processing file /opt/airflow/dags/dag_projeto_api-eclick.py for tasks to queue
[2025-04-22T19:08:45.130+0000] {logging_mixin.py:190} INFO - [2025-04-22T19:08:45.129+0000] {dagbag.py:588} INFO - Filling up the DagBag from /opt/airflow/dags/dag_projeto_api-eclick.py
[2025-04-22T19:08:46.273+0000] {processor.py:925} INFO - DAG(s) 'api-eclick' retrieved from /opt/airflow/dags/dag_projeto_api-eclick.py
[2025-04-22T19:08:46.300+0000] {logging_mixin.py:190} INFO - [2025-04-22T19:08:46.300+0000] {dag.py:3239} INFO - Sync 1 DAGs
[2025-04-22T19:08:46.335+0000] {logging_mixin.py:190} INFO - [2025-04-22T19:08:46.335+0000] {dag.py:4180} INFO - Setting next_dagrun for api-eclick to 2025-04-22 17:00:00+00:00, run_after=2025-04-23 17:00:00+00:00
[2025-04-22T19:08:46.374+0000] {processor.py:208} INFO - Processing /opt/airflow/dags/dag_projeto_api-eclick.py took 1.262 seconds
[2025-04-22T19:08:51.691+0000] {processor.py:186} INFO - Started process (PID=77) to work on /opt/airflow/dags/dag_projeto_api-eclick.py
[2025-04-22T19:08:51.692+0000] {processor.py:914} INFO - Processing file /opt/airflow/dags/dag_projeto_api-eclick.py for tasks to queue
[2025-04-22T19:08:51.694+0000] {logging_mixin.py:190} INFO - [2025-04-22T19:08:51.694+0000] {dagbag.py:588} INFO - Filling up the DagBag from /opt/airflow/dags/dag_projeto_api-eclick.py
[2025-04-22T19:08:52.083+0000] {processor.py:925} INFO - DAG(s) 'api-eclick' retrieved from /opt/airflow/dags/dag_projeto_api-eclick.py
[2025-04-22T19:08:52.098+0000] {logging_mixin.py:190} INFO - [2025-04-22T19:08:52.097+0000] {dag.py:3239} INFO - Sync 1 DAGs
[2025-04-22T19:08:52.112+0000] {logging_mixin.py:190} INFO - [2025-04-22T19:08:52.112+0000] {dag.py:4180} INFO - Setting next_dagrun for api-eclick to 2025-04-22 17:00:00+00:00, run_after=2025-04-23 17:00:00+00:00
[2025-04-22T19:08:52.126+0000] {processor.py:208} INFO - Processing /opt/airflow/dags/dag_projeto_api-eclick.py took 0.441 seconds
[2025-04-22T19:11:10.239+0000] {processor.py:186} INFO - Started process (PID=87) to work on /opt/airflow/dags/dag_projeto_api-eclick.py
[2025-04-22T19:11:10.240+0000] {processor.py:914} INFO - Processing file /opt/airflow/dags/dag_projeto_api-eclick.py for tasks to queue
[2025-04-22T19:11:10.242+0000] {logging_mixin.py:190} INFO - [2025-04-22T19:11:10.241+0000] {dagbag.py:588} INFO - Filling up the DagBag from /opt/airflow/dags/dag_projeto_api-eclick.py
[2025-04-22T19:08:57.100+0000] {processor.py:925} INFO - DAG(s) 'api-eclick' retrieved from /opt/airflow/dags/dag_projeto_api-eclick.py
[2025-04-22T19:08:57.114+0000] {logging_mixin.py:190} INFO - [2025-04-22T19:08:57.114+0000] {dag.py:3239} INFO - Sync 1 DAGs
[2025-04-22T19:08:57.133+0000] {logging_mixin.py:190} INFO - [2025-04-22T19:08:57.133+0000] {dag.py:4180} INFO - Setting next_dagrun for api-eclick to 2025-04-22 17:00:00+00:00, run_after=2025-04-23 17:00:00+00:00
[2025-04-22T19:08:57.155+0000] {processor.py:208} INFO - Processing /opt/airflow/dags/dag_projeto_api-eclick.py took 0.466 seconds
[2025-04-22T19:11:12.284+0000] {processor.py:186} INFO - Started process (PID=97) to work on /opt/airflow/dags/dag_projeto_api-eclick.py
[2025-04-22T19:11:12.285+0000] {processor.py:914} INFO - Processing file /opt/airflow/dags/dag_projeto_api-eclick.py for tasks to queue
[2025-04-22T19:11:12.287+0000] {logging_mixin.py:190} INFO - [2025-04-22T19:11:12.287+0000] {dagbag.py:588} INFO - Filling up the DagBag from /opt/airflow/dags/dag_projeto_api-eclick.py
[2025-04-22T19:11:12.673+0000] {processor.py:925} INFO - DAG(s) 'api-eclick' retrieved from /opt/airflow/dags/dag_projeto_api-eclick.py
[2025-04-22T19:11:12.688+0000] {logging_mixin.py:190} INFO - [2025-04-22T19:11:12.688+0000] {dag.py:3239} INFO - Sync 1 DAGs
[2025-04-22T19:11:12.704+0000] {logging_mixin.py:190} INFO - [2025-04-22T19:11:12.703+0000] {dag.py:4180} INFO - Setting next_dagrun for api-eclick to 2025-04-22 17:00:00+00:00, run_after=2025-04-23 17:00:00+00:00
[2025-04-22T19:11:12.720+0000] {processor.py:208} INFO - Processing /opt/airflow/dags/dag_projeto_api-eclick.py took 0.442 seconds
[2025-04-22T19:11:45.198+0000] {processor.py:186} INFO - Started process (PID=116) to work on /opt/airflow/dags/dag_projeto_api-eclick.py
[2025-04-22T19:11:45.199+0000] {processor.py:914} INFO - Processing file /opt/airflow/dags/dag_projeto_api-eclick.py for tasks to queue
[2025-04-22T19:11:45.202+0000] {logging_mixin.py:190} INFO - [2025-04-22T19:11:45.202+0000] {dagbag.py:588} INFO - Filling up the DagBag from /opt/airflow/dags/dag_projeto_api-eclick.py
[2025-04-22T19:09:32.190+0000] {processor.py:925} INFO - DAG(s) 'api-eclick' retrieved from /opt/airflow/dags/dag_projeto_api-eclick.py
[2025-04-22T19:09:32.209+0000] {logging_mixin.py:190} INFO - [2025-04-22T19:09:32.209+0000] {dag.py:3239} INFO - Sync 1 DAGs
[2025-04-22T19:09:32.230+0000] {logging_mixin.py:190} INFO - [2025-04-22T19:09:32.230+0000] {dag.py:4180} INFO - Setting next_dagrun for api-eclick to 2025-04-22 17:00:00+00:00, run_after=2025-04-23 17:00:00+00:00
[2025-04-22T19:09:32.249+0000] {processor.py:208} INFO - Processing /opt/airflow/dags/dag_projeto_api-eclick.py took 0.631 seconds
[2025-04-22T19:11:50.192+0000] {processor.py:186} INFO - Started process (PID=129) to work on /opt/airflow/dags/dag_projeto_api-eclick.py
[2025-04-22T19:11:50.193+0000] {processor.py:914} INFO - Processing file /opt/airflow/dags/dag_projeto_api-eclick.py for tasks to queue
[2025-04-22T19:11:50.195+0000] {logging_mixin.py:190} INFO - [2025-04-22T19:11:50.195+0000] {dagbag.py:588} INFO - Filling up the DagBag from /opt/airflow/dags/dag_projeto_api-eclick.py
[2025-04-22T19:09:37.401+0000] {processor.py:925} INFO - DAG(s) 'api-eclick' retrieved from /opt/airflow/dags/dag_projeto_api-eclick.py
[2025-04-22T19:09:37.420+0000] {logging_mixin.py:190} INFO - [2025-04-22T19:09:37.420+0000] {dag.py:3239} INFO - Sync 1 DAGs
[2025-04-22T19:09:37.440+0000] {logging_mixin.py:190} INFO - [2025-04-22T19:09:37.440+0000] {dag.py:4180} INFO - Setting next_dagrun for api-eclick to 2025-04-22 17:00:00+00:00, run_after=2025-04-23 17:00:00+00:00
[2025-04-22T19:09:37.457+0000] {processor.py:208} INFO - Processing /opt/airflow/dags/dag_projeto_api-eclick.py took 0.833 seconds
[2025-04-22T19:09:56.774+0000] {processor.py:186} INFO - Started process (PID=147) to work on /opt/airflow/dags/dag_projeto_api-eclick.py
[2025-04-22T19:09:56.775+0000] {processor.py:914} INFO - Processing file /opt/airflow/dags/dag_projeto_api-eclick.py for tasks to queue
[2025-04-22T19:09:56.778+0000] {logging_mixin.py:190} INFO - [2025-04-22T19:09:56.777+0000] {dagbag.py:588} INFO - Filling up the DagBag from /opt/airflow/dags/dag_projeto_api-eclick.py
[2025-04-22T19:09:57.233+0000] {processor.py:925} INFO - DAG(s) 'api-eclick' retrieved from /opt/airflow/dags/dag_projeto_api-eclick.py
[2025-04-22T19:09:57.247+0000] {logging_mixin.py:190} INFO - [2025-04-22T19:09:57.246+0000] {dag.py:3239} INFO - Sync 1 DAGs
[2025-04-22T19:09:57.261+0000] {logging_mixin.py:190} INFO - [2025-04-22T19:09:57.261+0000] {dag.py:4180} INFO - Setting next_dagrun for api-eclick to 2025-04-22 17:00:00+00:00, run_after=2025-04-23 17:00:00+00:00
[2025-04-22T19:09:57.275+0000] {processor.py:208} INFO - Processing /opt/airflow/dags/dag_projeto_api-eclick.py took 0.506 seconds
[2025-04-22T19:12:11.569+0000] {processor.py:186} INFO - Started process (PID=159) to work on /opt/airflow/dags/dag_projeto_api-eclick.py
[2025-04-22T19:12:11.570+0000] {processor.py:914} INFO - Processing file /opt/airflow/dags/dag_projeto_api-eclick.py for tasks to queue
[2025-04-22T19:12:11.572+0000] {logging_mixin.py:190} INFO - [2025-04-22T19:12:11.572+0000] {dagbag.py:588} INFO - Filling up the DagBag from /opt/airflow/dags/dag_projeto_api-eclick.py
[2025-04-22T19:09:58.423+0000] {processor.py:925} INFO - DAG(s) 'api-eclick' retrieved from /opt/airflow/dags/dag_projeto_api-eclick.py
[2025-04-22T19:09:58.438+0000] {logging_mixin.py:190} INFO - [2025-04-22T19:09:58.438+0000] {dag.py:3239} INFO - Sync 1 DAGs
[2025-04-22T19:09:58.453+0000] {logging_mixin.py:190} INFO - [2025-04-22T19:09:58.453+0000] {dag.py:4180} INFO - Setting next_dagrun for api-eclick to 2025-04-22 17:00:00+00:00, run_after=2025-04-23 17:00:00+00:00
[2025-04-22T19:09:58.470+0000] {processor.py:208} INFO - Processing /opt/airflow/dags/dag_projeto_api-eclick.py took 0.451 seconds
[2025-04-22T19:10:11.808+0000] {processor.py:186} INFO - Started process (PID=168) to work on /opt/airflow/dags/dag_projeto_api-eclick.py
[2025-04-22T19:10:11.810+0000] {processor.py:914} INFO - Processing file /opt/airflow/dags/dag_projeto_api-eclick.py for tasks to queue
[2025-04-22T19:10:11.813+0000] {logging_mixin.py:190} INFO - [2025-04-22T19:10:11.812+0000] {dagbag.py:588} INFO - Filling up the DagBag from /opt/airflow/dags/dag_projeto_api-eclick.py
[2025-04-22T19:10:12.279+0000] {processor.py:925} INFO - DAG(s) 'api-eclick' retrieved from /opt/airflow/dags/dag_projeto_api-eclick.py
[2025-04-22T19:10:12.294+0000] {logging_mixin.py:190} INFO - [2025-04-22T19:10:12.293+0000] {dag.py:3239} INFO - Sync 1 DAGs
[2025-04-22T19:10:12.309+0000] {logging_mixin.py:190} INFO - [2025-04-22T19:10:12.309+0000] {dag.py:4180} INFO - Setting next_dagrun for api-eclick to 2025-04-22 17:00:00+00:00, run_after=2025-04-23 17:00:00+00:00
[2025-04-22T19:10:12.329+0000] {processor.py:208} INFO - Processing /opt/airflow/dags/dag_projeto_api-eclick.py took 0.529 seconds
