[2025-04-22T20:28:29.165+0000] {local_task_job_runner.py:123} INFO - ::group::Pre task execution logs
[2025-04-22T20:28:29.182+0000] {taskinstance.py:2614} INFO - Dependencies all met for dep_context=non-requeueable deps ti=<TaskInstance: upload_files_projetos_grupo_1.upload_projeto_2443_scpar manual__2025-04-22T20:28:15.715245+00:00 [queued]>
[2025-04-22T20:28:29.193+0000] {taskinstance.py:2614} INFO - Dependencies all met for dep_context=requeueable deps ti=<TaskInstance: upload_files_projetos_grupo_1.upload_projeto_2443_scpar manual__2025-04-22T20:28:15.715245+00:00 [queued]>
[2025-04-22T20:28:29.198+0000] {taskinstance.py:2867} INFO - Starting attempt 1 of 1
[2025-04-22T20:28:29.211+0000] {taskinstance.py:2890} INFO - Executing <Task(PythonOperator): upload_projeto_2443_scpar> on 2025-04-22 20:28:15.715245+00:00
[2025-04-22T20:28:29.216+0000] {standard_task_runner.py:72} INFO - Started process 246 to run task
[2025-04-22T20:28:29.219+0000] {standard_task_runner.py:104} INFO - Running: ['***', 'tasks', 'run', 'upload_files_projetos_grupo_1', 'upload_projeto_2443_scpar', 'manual__2025-04-22T20:28:15.715245+00:00', '--job-id', '29', '--raw', '--subdir', 'DAGS_FOLDER/dag_projeto_grupo-01.py', '--cfg-path', '/tmp/tmpqifut42m']
[2025-04-22T20:28:29.222+0000] {standard_task_runner.py:105} INFO - Job 29: Subtask upload_projeto_2443_scpar
[2025-04-22T20:28:29.261+0000] {task_command.py:467} INFO - Running <TaskInstance: upload_files_projetos_grupo_1.upload_projeto_2443_scpar manual__2025-04-22T20:28:15.715245+00:00 [running]> on host e50052774237
[2025-04-22T20:28:29.322+0000] {taskinstance.py:3134} INFO - Exporting env vars: AIRFLOW_CTX_DAG_OWNER='arthur.lopes' AIRFLOW_CTX_DAG_ID='upload_files_projetos_grupo_1' AIRFLOW_CTX_TASK_ID='upload_projeto_2443_scpar' AIRFLOW_CTX_EXECUTION_DATE='2025-04-22T20:28:15.715245+00:00' AIRFLOW_CTX_TRY_NUMBER='1' AIRFLOW_CTX_DAG_RUN_ID='manual__2025-04-22T20:28:15.715245+00:00'
[2025-04-22T20:28:29.328+0000] {taskinstance.py:732} INFO - ::endgroup::
[2025-04-22T20:30:43.507+0000] {_universal.py:506} INFO - Request URL: 'https://rpeottaprojeto.blob.core.windows.net/scpar-2443/LD-2443-PE-POR-PLN-GRC-001_R0.xlsx'
Request method: 'PUT'
Request headers:
    'Content-Length': '4189371'
    'x-ms-blob-type': 'REDACTED'
    'x-ms-version': 'REDACTED'
    'Content-Type': 'application/octet-stream'
    'Accept': 'application/xml'
    'User-Agent': 'azsdk-python-storage-blob/12.24.1 Python/3.10.16 (Linux-5.15.167.4-microsoft-standard-WSL2-x86_64-with-glibc2.36)'
    'x-ms-date': 'REDACTED'
    'x-ms-client-request-id': 'aa002db8-1fb8-11f0-b093-9e5d745be2f1'
    'Authorization': 'REDACTED'
A body is sent with the request
[2025-04-22T20:30:46.579+0000] {_universal.py:545} INFO - Response status: 201
Response headers:
    'Content-Length': '0'
    'Content-MD5': 'REDACTED'
    'Last-Modified': 'Tue, 22 Apr 2025 20:28:32 GMT'
    'ETag': '"0x8DD81DC40643A6E"'
    'Server': 'Windows-Azure-Blob/1.0 Microsoft-HTTPAPI/2.0'
    'x-ms-request-id': '569410a1-801e-0044-61c5-b398f4000000'
    'x-ms-client-request-id': 'aa002db8-1fb8-11f0-b093-9e5d745be2f1'
    'x-ms-version': 'REDACTED'
    'x-ms-content-crc64': 'REDACTED'
    'x-ms-request-server-encrypted': 'REDACTED'
    'Date': 'Tue, 22 Apr 2025 20:28:32 GMT'
[2025-04-22T20:30:46.580+0000] {logging_mixin.py:190} INFO - Arquivo 'LD-2443-PE-POR-PLN-GRC-001_R0.xlsx' enviado com sucesso para o container 'scpar-2443'.
[2025-04-22T20:28:33.291+0000] {_universal.py:506} INFO - Request URL: 'https://rpeottaprojeto.blob.core.windows.net/scpar-2443/CS-2443-PE-POR-PLN-GRC-001.xlsx'
Request method: 'PUT'
Request headers:
    'Content-Length': '74111'
    'x-ms-blob-type': 'REDACTED'
    'x-ms-version': 'REDACTED'
    'Content-Type': 'application/octet-stream'
    'Accept': 'application/xml'
    'User-Agent': 'azsdk-python-storage-blob/12.24.1 Python/3.10.16 (Linux-5.15.167.4-microsoft-standard-WSL2-x86_64-with-glibc2.36)'
    'x-ms-date': 'REDACTED'
    'x-ms-client-request-id': '5c62e7d0-1fb8-11f0-b094-9e5d745be2f1'
    'Authorization': 'REDACTED'
A body is sent with the request
[2025-04-22T20:28:34.760+0000] {_universal.py:545} INFO - Response status: 201
Response headers:
    'Content-Length': '0'
    'Content-MD5': 'REDACTED'
    'Last-Modified': 'Tue, 22 Apr 2025 20:28:34 GMT'
    'ETag': '"0x8DD81DC41637416"'
    'Server': 'Windows-Azure-Blob/1.0 Microsoft-HTTPAPI/2.0'
    'x-ms-request-id': 'c4ff233f-b01e-0060-4cc5-b36e54000000'
    'x-ms-client-request-id': '5c62e7d0-1fb8-11f0-b094-9e5d745be2f1'
    'x-ms-version': 'REDACTED'
    'x-ms-content-crc64': 'REDACTED'
    'x-ms-request-server-encrypted': 'REDACTED'
    'Date': 'Tue, 22 Apr 2025 20:28:34 GMT'
[2025-04-22T20:28:34.763+0000] {logging_mixin.py:190} INFO - Arquivo 'CS-2443-PE-POR-PLN-GRC-001.xlsx' enviado com sucesso para o container 'scpar-2443'.
[2025-04-22T20:28:34.794+0000] {taskinstance.py:3313} ERROR - Task failed with exception
Traceback (most recent call last):
  File "/home/airflow/.local/lib/python3.10/site-packages/airflow/models/taskinstance.py", line 768, in _execute_task
    result = _execute_callable(context=context, **execute_callable_kwargs)
  File "/home/airflow/.local/lib/python3.10/site-packages/airflow/models/taskinstance.py", line 734, in _execute_callable
    return ExecutionCallableRunner(
  File "/home/airflow/.local/lib/python3.10/site-packages/airflow/utils/operator_helpers.py", line 252, in run
    return self.func(*args, **kwargs)
  File "/home/airflow/.local/lib/python3.10/site-packages/airflow/models/baseoperator.py", line 424, in wrapper
    return func(self, *args, **kwargs)
  File "/home/airflow/.local/lib/python3.10/site-packages/airflow/operators/python.py", line 238, in execute
    return_value = self.execute_callable()
  File "/home/airflow/.local/lib/python3.10/site-packages/airflow/operators/python.py", line 256, in execute_callable
    return runner.run(*self.op_args, **self.op_kwargs)
  File "/home/airflow/.local/lib/python3.10/site-packages/airflow/utils/operator_helpers.py", line 252, in run
    return self.func(*args, **kwargs)
  File "/opt/airflow/dags/dag_projeto_grupo-01.py", line 140, in upload_files_scpar_2443
    upload_to_blob(
  File "/opt/airflow/dags/dag_projeto_grupo-01.py", line 24, in upload_to_blob
    raise e
  File "/opt/airflow/dags/dag_projeto_grupo-01.py", line 18, in upload_to_blob
    with open(local_file_path,"rb") as data:
FileNotFoundError: [Errno 2] No such file or directory: '/opt/airflow/dados/02. PLN_Operacional/01 - PLANEJAMENTO E CONTROLE/COORDENACAO/CONTROLES (POWER BI)/240124/SCPAR/faturamento_2443.xlsx'
[2025-04-22T20:28:34.814+0000] {taskinstance.py:1226} INFO - Marking task as FAILED. dag_id=upload_files_projetos_grupo_1, task_id=upload_projeto_2443_scpar, run_id=manual__2025-04-22T20:28:15.715245+00:00, execution_date=20250422T202815, start_date=20250422T202829, end_date=20250422T202834
[2025-04-22T20:28:34.842+0000] {taskinstance.py:341} INFO - ::group::Post task execution logs
[2025-04-22T20:28:34.844+0000] {standard_task_runner.py:124} ERROR - Failed to execute job 29 for task upload_projeto_2443_scpar ([Errno 2] No such file or directory: '/opt/airflow/dados/02. PLN_Operacional/01 - PLANEJAMENTO E CONTROLE/COORDENACAO/CONTROLES (POWER BI)/240124/SCPAR/faturamento_2443.xlsx'; 246)
Traceback (most recent call last):
  File "/home/airflow/.local/lib/python3.10/site-packages/airflow/task/task_runner/standard_task_runner.py", line 117, in _start_by_fork
    ret = args.func(args, dag=self.dag)
  File "/home/airflow/.local/lib/python3.10/site-packages/airflow/cli/cli_config.py", line 49, in command
    return func(*args, **kwargs)
  File "/home/airflow/.local/lib/python3.10/site-packages/airflow/utils/cli.py", line 116, in wrapper
    return f(*args, **kwargs)
  File "/home/airflow/.local/lib/python3.10/site-packages/airflow/cli/commands/task_command.py", line 483, in task_run
    task_return_code = _run_task_by_selected_method(args, _dag, ti)
  File "/home/airflow/.local/lib/python3.10/site-packages/airflow/cli/commands/task_command.py", line 256, in _run_task_by_selected_method
    return _run_raw_task(args, ti)
  File "/home/airflow/.local/lib/python3.10/site-packages/airflow/cli/commands/task_command.py", line 341, in _run_raw_task
    return ti._run_raw_task(
  File "/home/airflow/.local/lib/python3.10/site-packages/airflow/utils/session.py", line 97, in wrapper
    return func(*args, session=session, **kwargs)
  File "/home/airflow/.local/lib/python3.10/site-packages/airflow/models/taskinstance.py", line 3006, in _run_raw_task
    return _run_raw_task(
  File "/home/airflow/.local/lib/python3.10/site-packages/airflow/models/taskinstance.py", line 274, in _run_raw_task
    TaskInstance._execute_task_with_callbacks(
  File "/home/airflow/.local/lib/python3.10/site-packages/airflow/models/taskinstance.py", line 3161, in _execute_task_with_callbacks
    result = self._execute_task(context, task_orig)
  File "/home/airflow/.local/lib/python3.10/site-packages/airflow/models/taskinstance.py", line 3185, in _execute_task
    return _execute_task(self, context, task_orig)
  File "/home/airflow/.local/lib/python3.10/site-packages/airflow/models/taskinstance.py", line 768, in _execute_task
    result = _execute_callable(context=context, **execute_callable_kwargs)
  File "/home/airflow/.local/lib/python3.10/site-packages/airflow/models/taskinstance.py", line 734, in _execute_callable
    return ExecutionCallableRunner(
  File "/home/airflow/.local/lib/python3.10/site-packages/airflow/utils/operator_helpers.py", line 252, in run
    return self.func(*args, **kwargs)
  File "/home/airflow/.local/lib/python3.10/site-packages/airflow/models/baseoperator.py", line 424, in wrapper
    return func(self, *args, **kwargs)
  File "/home/airflow/.local/lib/python3.10/site-packages/airflow/operators/python.py", line 238, in execute
    return_value = self.execute_callable()
  File "/home/airflow/.local/lib/python3.10/site-packages/airflow/operators/python.py", line 256, in execute_callable
    return runner.run(*self.op_args, **self.op_kwargs)
  File "/home/airflow/.local/lib/python3.10/site-packages/airflow/utils/operator_helpers.py", line 252, in run
    return self.func(*args, **kwargs)
  File "/opt/airflow/dags/dag_projeto_grupo-01.py", line 140, in upload_files_scpar_2443
    upload_to_blob(
  File "/opt/airflow/dags/dag_projeto_grupo-01.py", line 24, in upload_to_blob
    raise e
  File "/opt/airflow/dags/dag_projeto_grupo-01.py", line 18, in upload_to_blob
    with open(local_file_path,"rb") as data:
FileNotFoundError: [Errno 2] No such file or directory: '/opt/airflow/dados/02. PLN_Operacional/01 - PLANEJAMENTO E CONTROLE/COORDENACAO/CONTROLES (POWER BI)/240124/SCPAR/faturamento_2443.xlsx'
[2025-04-22T20:28:34.873+0000] {local_task_job_runner.py:266} INFO - Task exited with return code 1
[2025-04-22T20:28:34.893+0000] {taskinstance.py:3901} INFO - 1 downstream tasks scheduled from follow-on schedule check
[2025-04-22T20:28:34.898+0000] {local_task_job_runner.py:245} INFO - ::endgroup::
