[2025-04-23T00:02:41.899+0000] {local_task_job_runner.py:123} INFO - ::group::Pre task execution logs
[2025-04-23T00:02:41.915+0000] {taskinstance.py:2614} INFO - Dependencies all met for dep_context=non-requeueable deps ti=<TaskInstance: ingestao-blobstorage-azure.ingestao_azure-2446 manual__2025-04-23T00:02:40.722598+00:00 [queued]>
[2025-04-23T00:02:41.925+0000] {taskinstance.py:2614} INFO - Dependencies all met for dep_context=requeueable deps ti=<TaskInstance: ingestao-blobstorage-azure.ingestao_azure-2446 manual__2025-04-23T00:02:40.722598+00:00 [queued]>
[2025-04-23T00:02:41.930+0000] {taskinstance.py:2867} INFO - Starting attempt 1 of 2
[2025-04-23T00:02:41.945+0000] {taskinstance.py:2890} INFO - Executing <Task(PythonOperator): ingestao_azure-2446> on 2025-04-23 00:02:40.722598+00:00
[2025-04-23T00:02:41.951+0000] {standard_task_runner.py:72} INFO - Started process 2342 to run task
[2025-04-23T00:02:41.955+0000] {standard_task_runner.py:104} INFO - Running: ['***', 'tasks', 'run', 'ingestao-blobstorage-azure', 'ingestao_azure-2446', 'manual__2025-04-23T00:02:40.722598+00:00', '--job-id', '78', '--raw', '--subdir', 'DAGS_FOLDER/ingestao-blobstorage-azure.py', '--cfg-path', '/tmp/tmpa3uculri']
[2025-04-23T00:02:41.957+0000] {standard_task_runner.py:105} INFO - Job 78: Subtask ingestao_azure-2446
[2025-04-23T00:02:42.006+0000] {task_command.py:467} INFO - Running <TaskInstance: ingestao-blobstorage-azure.ingestao_azure-2446 manual__2025-04-23T00:02:40.722598+00:00 [running]> on host e50052774237
[2025-04-23T00:02:42.072+0000] {taskinstance.py:3134} INFO - Exporting env vars: AIRFLOW_CTX_DAG_OWNER='***' AIRFLOW_CTX_DAG_ID='ingestao-blobstorage-azure' AIRFLOW_CTX_TASK_ID='ingestao_azure-2446' AIRFLOW_CTX_EXECUTION_DATE='2025-04-23T00:02:40.722598+00:00' AIRFLOW_CTX_TRY_NUMBER='1' AIRFLOW_CTX_DAG_RUN_ID='manual__2025-04-23T00:02:40.722598+00:00'
[2025-04-23T00:02:42.075+0000] {taskinstance.py:732} INFO - ::endgroup::
[2025-04-23T00:02:42.744+0000] {_universal.py:506} INFO - Request URL: 'https://rpeottaprojeto.blob.core.windows.net/brasfels-2446/LD-2446-PE-CAR-PLN-GRC-001-R0.xlsx'
Request method: 'PUT'
Request headers:
    'Content-Length': '4187310'
    'x-ms-blob-type': 'REDACTED'
    'x-ms-version': 'REDACTED'
    'Content-Type': 'application/octet-stream'
    'Accept': 'application/xml'
    'User-Agent': 'azsdk-python-storage-blob/12.24.1 Python/3.10.16 (Linux-5.15.167.4-microsoft-standard-WSL2-x86_64-with-glibc2.36)'
    'x-ms-date': 'REDACTED'
    'x-ms-client-request-id': '4741bf8e-1fd6-11f0-9b70-9e5d745be2f1'
    'Authorization': 'REDACTED'
A body is sent with the request
[2025-04-23T00:02:50.171+0000] {_universal.py:545} INFO - Response status: 201
Response headers:
    'Content-Length': '0'
    'Content-MD5': 'REDACTED'
    'Last-Modified': 'Wed, 23 Apr 2025 00:02:50 GMT'
    'ETag': '"0x8DD81FA2FD87A59"'
    'Server': 'Windows-Azure-Blob/1.0 Microsoft-HTTPAPI/2.0'
    'x-ms-request-id': 'c3f5f43f-b01e-0012-71e3-b3691b000000'
    'x-ms-client-request-id': '4741bf8e-1fd6-11f0-9b70-9e5d745be2f1'
    'x-ms-version': 'REDACTED'
    'x-ms-content-crc64': 'REDACTED'
    'x-ms-request-server-encrypted': 'REDACTED'
    'Date': 'Wed, 23 Apr 2025 00:02:50 GMT'
[2025-04-23T00:02:50.174+0000] {logging_mixin.py:190} INFO - Arquivo 'LD-2446-PE-CAR-PLN-GRC-001-R0.xlsx' enviado com sucesso para o container 'brasfels-2446'.
[2025-04-23T00:05:03.860+0000] {_universal.py:506} INFO - Request URL: 'https://rpeottaprojeto.blob.core.windows.net/brasfels-2446/CS-2446-PE-CAR-PLN-GRC-001-R0.xlsx'
Request method: 'PUT'
Request headers:
    'Content-Length': '80279'
    'x-ms-blob-type': 'REDACTED'
    'x-ms-version': 'REDACTED'
    'Content-Type': 'application/octet-stream'
    'Accept': 'application/xml'
    'User-Agent': 'azsdk-python-storage-blob/12.24.1 Python/3.10.16 (Linux-5.15.167.4-microsoft-standard-WSL2-x86_64-with-glibc2.36)'
    'x-ms-date': 'REDACTED'
    'x-ms-client-request-id': '9b5e569a-1fd6-11f0-9b70-9e5d745be2f1'
    'Authorization': 'REDACTED'
A body is sent with the request
[2025-04-23T00:02:51.836+0000] {_universal.py:545} INFO - Response status: 201
Response headers:
    'Content-Length': '0'
    'Content-MD5': 'REDACTED'
    'Last-Modified': 'Wed, 23 Apr 2025 00:02:51 GMT'
    'ETag': '"0x8DD81FA30CC4F06"'
    'Server': 'Windows-Azure-Blob/1.0 Microsoft-HTTPAPI/2.0'
    'x-ms-request-id': '8e5872af-701e-0032-5ce3-b312bc000000'
    'x-ms-client-request-id': '9b5e569a-1fd6-11f0-9b70-9e5d745be2f1'
    'x-ms-version': 'REDACTED'
    'x-ms-content-crc64': 'REDACTED'
    'x-ms-request-server-encrypted': 'REDACTED'
    'Date': 'Wed, 23 Apr 2025 00:02:51 GMT'
[2025-04-23T00:02:51.838+0000] {logging_mixin.py:190} INFO - Arquivo 'CS-2446-PE-CAR-PLN-GRC-001-R0.xlsx' enviado com sucesso para o container 'brasfels-2446'.
[2025-04-23T00:02:52.159+0000] {_universal.py:506} INFO - Request URL: 'https://rpeottaprojeto.blob.core.windows.net/brasfels-2446/faturamento_2446.xlsx'
Request method: 'PUT'
Request headers:
    'Content-Length': '8935'
    'x-ms-blob-type': 'REDACTED'
    'x-ms-version': 'REDACTED'
    'Content-Type': 'application/octet-stream'
    'Accept': 'application/xml'
    'User-Agent': 'azsdk-python-storage-blob/12.24.1 Python/3.10.16 (Linux-5.15.167.4-microsoft-standard-WSL2-x86_64-with-glibc2.36)'
    'x-ms-date': 'REDACTED'
    'x-ms-client-request-id': '4cde5ff6-1fd6-11f0-9b71-9e5d745be2f1'
    'Authorization': 'REDACTED'
A body is sent with the request
[2025-04-23T00:02:53.152+0000] {_universal.py:545} INFO - Response status: 201
Response headers:
    'Content-Length': '0'
    'Content-MD5': 'REDACTED'
    'Last-Modified': 'Wed, 23 Apr 2025 00:02:53 GMT'
    'ETag': '"0x8DD81FA31954C5A"'
    'Server': 'Windows-Azure-Blob/1.0 Microsoft-HTTPAPI/2.0'
    'x-ms-request-id': '25a48e2a-d01e-003b-0ce3-b3576f000000'
    'x-ms-client-request-id': '4cde5ff6-1fd6-11f0-9b71-9e5d745be2f1'
    'x-ms-version': 'REDACTED'
    'x-ms-content-crc64': 'REDACTED'
    'x-ms-request-server-encrypted': 'REDACTED'
    'Date': 'Wed, 23 Apr 2025 00:02:52 GMT'
[2025-04-23T00:02:53.155+0000] {logging_mixin.py:190} INFO - Arquivo 'faturamento_2446.xlsx' enviado com sucesso para o container 'brasfels-2446'.
[2025-04-23T00:02:53.476+0000] {_universal.py:506} INFO - Request URL: 'https://rpeottaprojeto.blob.core.windows.net/brasfels-2446/PAR_2446_BRASFELS_R0.xlsx'
Request method: 'PUT'
Request headers:
    'Content-Length': '120741'
    'x-ms-blob-type': 'REDACTED'
    'x-ms-version': 'REDACTED'
    'Content-Type': 'application/octet-stream'
    'Accept': 'application/xml'
    'User-Agent': 'azsdk-python-storage-blob/12.24.1 Python/3.10.16 (Linux-5.15.167.4-microsoft-standard-WSL2-x86_64-with-glibc2.36)'
    'x-ms-date': 'REDACTED'
    'x-ms-client-request-id': '4da76324-1fd6-11f0-9b71-9e5d745be2f1'
    'Authorization': 'REDACTED'
A body is sent with the request
[2025-04-23T00:02:55.218+0000] {_universal.py:545} INFO - Response status: 201
Response headers:
    'Content-Length': '0'
    'Content-MD5': 'REDACTED'
    'Last-Modified': 'Wed, 23 Apr 2025 00:02:55 GMT'
    'ETag': '"0x8DD81FA32D2CF5A"'
    'Server': 'Windows-Azure-Blob/1.0 Microsoft-HTTPAPI/2.0'
    'x-ms-request-id': '1eb934ae-c01e-0008-1fe3-b308c4000000'
    'x-ms-client-request-id': '4da76324-1fd6-11f0-9b71-9e5d745be2f1'
    'x-ms-version': 'REDACTED'
    'x-ms-content-crc64': 'REDACTED'
    'x-ms-request-server-encrypted': 'REDACTED'
    'Date': 'Wed, 23 Apr 2025 00:02:54 GMT'
[2025-04-23T00:02:55.223+0000] {logging_mixin.py:190} INFO - Arquivo 'PAR_2446_BRASFELS_R0.xlsx' enviado com sucesso para o container 'brasfels-2446'.
[2025-04-23T00:02:55.226+0000] {python.py:240} INFO - Done. Returned value was: None
[2025-04-23T00:02:55.238+0000] {taskinstance.py:341} INFO - ::group::Post task execution logs
[2025-04-23T00:02:55.240+0000] {taskinstance.py:353} INFO - Marking task as SUCCESS. dag_id=ingestao-blobstorage-azure, task_id=ingestao_azure-2446, run_id=manual__2025-04-23T00:02:40.722598+00:00, execution_date=20250423T000240, start_date=20250423T000241, end_date=20250423T000255
[2025-04-23T00:02:55.279+0000] {local_task_job_runner.py:266} INFO - Task exited with return code 0
[2025-04-23T00:02:55.295+0000] {taskinstance.py:3901} INFO - 0 downstream tasks scheduled from follow-on schedule check
[2025-04-23T00:05:08.697+0000] {local_task_job_runner.py:245} INFO - ::endgroup::
