[2025-04-22T23:27:06.351+0000] {local_task_job_runner.py:123} INFO - ::group::Pre task execution logs
[2025-04-22T23:27:06.371+0000] {taskinstance.py:2614} INFO - Dependencies all met for dep_context=non-requeueable deps ti=<TaskInstance: upload_files_project_01.upload_files_project_01 scheduled__2025-04-21T17:00:00+00:00 [queued]>
[2025-04-22T23:27:06.384+0000] {taskinstance.py:2614} INFO - Dependencies all met for dep_context=requeueable deps ti=<TaskInstance: upload_files_project_01.upload_files_project_01 scheduled__2025-04-21T17:00:00+00:00 [queued]>
[2025-04-22T23:27:06.387+0000] {taskinstance.py:2867} INFO - Starting attempt 1 of 2
[2025-04-22T23:27:06.414+0000] {taskinstance.py:2890} INFO - Executing <Task(PythonOperator): upload_files_project_01> on 2025-04-21 17:00:00+00:00
[2025-04-22T23:27:06.422+0000] {standard_task_runner.py:72} INFO - Started process 1833 to run task
[2025-04-22T23:27:06.426+0000] {standard_task_runner.py:104} INFO - Running: ['***', 'tasks', 'run', 'upload_files_project_01', 'upload_files_project_01', 'scheduled__2025-04-21T17:00:00+00:00', '--job-id', '62', '--raw', '--subdir', 'DAGS_FOLDER/upload_files_project_01.py', '--cfg-path', '/tmp/tmpqrwnwmym']
[2025-04-22T23:27:06.432+0000] {standard_task_runner.py:105} INFO - Job 62: Subtask upload_files_project_01
[2025-04-22T23:27:06.508+0000] {task_command.py:467} INFO - Running <TaskInstance: upload_files_project_01.upload_files_project_01 scheduled__2025-04-21T17:00:00+00:00 [running]> on host e50052774237
[2025-04-22T23:27:06.597+0000] {taskinstance.py:3134} INFO - Exporting env vars: AIRFLOW_CTX_DAG_OWNER='***' AIRFLOW_CTX_DAG_ID='upload_files_project_01' AIRFLOW_CTX_TASK_ID='upload_files_project_01' AIRFLOW_CTX_EXECUTION_DATE='2025-04-21T17:00:00+00:00' AIRFLOW_CTX_TRY_NUMBER='1' AIRFLOW_CTX_DAG_RUN_ID='scheduled__2025-04-21T17:00:00+00:00'
[2025-04-22T23:27:06.600+0000] {taskinstance.py:732} INFO - ::endgroup::
[2025-04-22T23:27:08.139+0000] {_universal.py:506} INFO - Request URL: 'https://rpeottaprojeto.blob.core.windows.net/brasfels-2446/LD-2446-PE-CAR-PLN-GRC-001-R0.xlsx'
Request method: 'PUT'
Request headers:
    'Content-Length': '4187310'
    'x-ms-blob-type': 'REDACTED'
    'x-ms-version': 'REDACTED'
    'Content-Type': 'application/octet-stream'
    'Accept': 'application/xml'
    'User-Agent': 'azsdk-python-storage-blob/12.24.1 Python/3.10.16 (Linux-5.15.167.4-microsoft-standard-WSL2-x86_64-with-glibc2.36)'
    'x-ms-date': 'REDACTED'
    'x-ms-client-request-id': '4eeee05e-1fd1-11f0-acb0-9e5d745be2f1'
    'Authorization': 'REDACTED'
A body is sent with the request
[2025-04-22T23:27:15.307+0000] {_universal.py:545} INFO - Response status: 201
Response headers:
    'Content-Length': '0'
    'Content-MD5': 'REDACTED'
    'Last-Modified': 'Tue, 22 Apr 2025 23:27:15 GMT'
    'ETag': '"0x8DD81F5375616AA"'
    'Server': 'Windows-Azure-Blob/1.0 Microsoft-HTTPAPI/2.0'
    'x-ms-request-id': 'c61d2a1a-b01e-0060-4dde-b36e54000000'
    'x-ms-client-request-id': '4eeee05e-1fd1-11f0-acb0-9e5d745be2f1'
    'x-ms-version': 'REDACTED'
    'x-ms-content-crc64': 'REDACTED'
    'x-ms-request-server-encrypted': 'REDACTED'
    'Date': 'Tue, 22 Apr 2025 23:27:15 GMT'
[2025-04-22T23:27:15.310+0000] {logging_mixin.py:190} INFO - Arquivo 'LD-2446-PE-CAR-PLN-GRC-001-R0.xlsx' enviado com sucesso para o container 'brasfels-2446'.
[2025-04-22T23:27:15.747+0000] {_universal.py:506} INFO - Request URL: 'https://rpeottaprojeto.blob.core.windows.net/brasfels-2446/CS-2446-PE-CAR-PLN-GRC-001-R0.xlsx'
Request method: 'PUT'
Request headers:
    'Content-Length': '80279'
    'x-ms-blob-type': 'REDACTED'
    'x-ms-version': 'REDACTED'
    'Content-Type': 'application/octet-stream'
    'Accept': 'application/xml'
    'User-Agent': 'azsdk-python-storage-blob/12.24.1 Python/3.10.16 (Linux-5.15.167.4-microsoft-standard-WSL2-x86_64-with-glibc2.36)'
    'x-ms-date': 'REDACTED'
    'x-ms-client-request-id': '5377c564-1fd1-11f0-acb0-9e5d745be2f1'
    'Authorization': 'REDACTED'
A body is sent with the request
[2025-04-22T23:27:17.066+0000] {_universal.py:545} INFO - Response status: 201
Response headers:
    'Content-Length': '0'
    'Content-MD5': 'REDACTED'
    'Last-Modified': 'Tue, 22 Apr 2025 23:27:16 GMT'
    'ETag': '"0x8DD81F5385F7DFA"'
    'Server': 'Windows-Azure-Blob/1.0 Microsoft-HTTPAPI/2.0'
    'x-ms-request-id': '88b24cb0-801e-0036-0ede-b39fbb000000'
    'x-ms-client-request-id': '5377c564-1fd1-11f0-acb0-9e5d745be2f1'
    'x-ms-version': 'REDACTED'
    'x-ms-content-crc64': 'REDACTED'
    'x-ms-request-server-encrypted': 'REDACTED'
    'Date': 'Tue, 22 Apr 2025 23:27:16 GMT'
[2025-04-22T23:27:17.069+0000] {logging_mixin.py:190} INFO - Arquivo 'CS-2446-PE-CAR-PLN-GRC-001-R0.xlsx' enviado com sucesso para o container 'brasfels-2446'.
[2025-04-22T23:27:17.072+0000] {python.py:240} INFO - Done. Returned value was: None
[2025-04-22T23:27:17.082+0000] {taskinstance.py:341} INFO - ::group::Post task execution logs
[2025-04-22T23:27:17.085+0000] {taskinstance.py:353} INFO - Marking task as SUCCESS. dag_id=upload_files_project_01, task_id=upload_files_project_01, run_id=scheduled__2025-04-21T17:00:00+00:00, execution_date=20250421T170000, start_date=20250422T232706, end_date=20250422T232717
[2025-04-22T23:27:17.132+0000] {local_task_job_runner.py:266} INFO - Task exited with return code 0
[2025-04-22T23:27:17.159+0000] {taskinstance.py:3901} INFO - 0 downstream tasks scheduled from follow-on schedule check
[2025-04-22T23:27:17.167+0000] {local_task_job_runner.py:245} INFO - ::endgroup::
