[2025-04-23T00:04:28.897+0000] {local_task_job_runner.py:123} INFO - ::group::Pre task execution logs
[2025-04-23T00:04:28.914+0000] {taskinstance.py:2614} INFO - Dependencies all met for dep_context=non-requeueable deps ti=<TaskInstance: ingestao-blobstorage-azure.ingestao_azure-2446 manual__2025-04-23T00:04:27.541694+00:00 [queued]>
[2025-04-23T00:04:28.924+0000] {taskinstance.py:2614} INFO - Dependencies all met for dep_context=requeueable deps ti=<TaskInstance: ingestao-blobstorage-azure.ingestao_azure-2446 manual__2025-04-23T00:04:27.541694+00:00 [queued]>
[2025-04-23T00:04:28.926+0000] {taskinstance.py:2867} INFO - Starting attempt 1 of 2
[2025-04-23T00:04:28.939+0000] {taskinstance.py:2890} INFO - Executing <Task(PythonOperator): ingestao_azure-2446> on 2025-04-23 00:04:27.541694+00:00
[2025-04-23T00:04:28.945+0000] {standard_task_runner.py:72} INFO - Started process 2375 to run task
[2025-04-23T00:04:28.948+0000] {standard_task_runner.py:104} INFO - Running: ['***', 'tasks', 'run', 'ingestao-blobstorage-azure', 'ingestao_azure-2446', 'manual__2025-04-23T00:04:27.541694+00:00', '--job-id', '80', '--raw', '--subdir', 'DAGS_FOLDER/ingestao-blobstorage-azure.py', '--cfg-path', '/tmp/tmpvukzn7ep']
[2025-04-23T00:04:28.952+0000] {standard_task_runner.py:105} INFO - Job 80: Subtask ingestao_azure-2446
[2025-04-23T00:04:29.009+0000] {task_command.py:467} INFO - Running <TaskInstance: ingestao-blobstorage-azure.ingestao_azure-2446 manual__2025-04-23T00:04:27.541694+00:00 [running]> on host e50052774237
[2025-04-23T00:04:29.080+0000] {taskinstance.py:3134} INFO - Exporting env vars: AIRFLOW_CTX_DAG_OWNER='***' AIRFLOW_CTX_DAG_ID='ingestao-blobstorage-azure' AIRFLOW_CTX_TASK_ID='ingestao_azure-2446' AIRFLOW_CTX_EXECUTION_DATE='2025-04-23T00:04:27.541694+00:00' AIRFLOW_CTX_TRY_NUMBER='1' AIRFLOW_CTX_DAG_RUN_ID='manual__2025-04-23T00:04:27.541694+00:00'
[2025-04-23T00:04:29.083+0000] {taskinstance.py:732} INFO - ::endgroup::
[2025-04-23T00:04:29.121+0000] {_universal.py:506} INFO - Request URL: 'https://rpeottaprojeto.blob.core.windows.net/brasfels-2446/LD-2446-PE-CAR-PLN-GRC-001-R0.xlsx'
Request method: 'PUT'
Request headers:
    'Content-Length': '4187310'
    'x-ms-blob-type': 'REDACTED'
    'x-ms-version': 'REDACTED'
    'Content-Type': 'application/octet-stream'
    'Accept': 'application/xml'
    'User-Agent': 'azsdk-python-storage-blob/12.24.1 Python/3.10.16 (Linux-5.15.167.4-microsoft-standard-WSL2-x86_64-with-glibc2.36)'
    'x-ms-date': 'REDACTED'
    'x-ms-client-request-id': '86a99e6c-1fd6-11f0-a302-9e5d745be2f1'
    'Authorization': 'REDACTED'
A body is sent with the request
[2025-04-23T00:04:32.187+0000] {_universal.py:545} INFO - Response status: 201
Response headers:
    'Content-Length': '0'
    'Content-MD5': 'REDACTED'
    'Last-Modified': 'Wed, 23 Apr 2025 00:04:32 GMT'
    'ETag': '"0x8DD81FA6C9B5BF1"'
    'Server': 'Windows-Azure-Blob/1.0 Microsoft-HTTPAPI/2.0'
    'x-ms-request-id': '273f8ac1-201e-0000-1de3-b312cb000000'
    'x-ms-client-request-id': '86a99e6c-1fd6-11f0-a302-9e5d745be2f1'
    'x-ms-version': 'REDACTED'
    'x-ms-content-crc64': 'REDACTED'
    'x-ms-request-server-encrypted': 'REDACTED'
    'Date': 'Wed, 23 Apr 2025 00:04:31 GMT'
[2025-04-23T00:04:32.191+0000] {logging_mixin.py:190} INFO - Arquivo 'LD-2446-PE-CAR-PLN-GRC-001-R0.xlsx' enviado com sucesso para o container 'brasfels-2446'.
[2025-04-23T00:04:32.371+0000] {_universal.py:506} INFO - Request URL: 'https://rpeottaprojeto.blob.core.windows.net/brasfels-2446/CS-2446-PE-CAR-PLN-GRC-001-R0.xlsx'
Request method: 'PUT'
Request headers:
    'Content-Length': '80279'
    'x-ms-blob-type': 'REDACTED'
    'x-ms-version': 'REDACTED'
    'Content-Type': 'application/octet-stream'
    'Accept': 'application/xml'
    'User-Agent': 'azsdk-python-storage-blob/12.24.1 Python/3.10.16 (Linux-5.15.167.4-microsoft-standard-WSL2-x86_64-with-glibc2.36)'
    'x-ms-date': 'REDACTED'
    'x-ms-client-request-id': '88997738-1fd6-11f0-a302-9e5d745be2f1'
    'Authorization': 'REDACTED'
A body is sent with the request
[2025-04-23T00:04:33.806+0000] {_universal.py:545} INFO - Response status: 201
Response headers:
    'Content-Length': '0'
    'Content-MD5': 'REDACTED'
    'Last-Modified': 'Wed, 23 Apr 2025 00:04:33 GMT'
    'ETag': '"0x8DD81FA6D96F00C"'
    'Server': 'Windows-Azure-Blob/1.0 Microsoft-HTTPAPI/2.0'
    'x-ms-request-id': '3724e71c-601e-0063-6ee3-b38f30000000'
    'x-ms-client-request-id': '88997738-1fd6-11f0-a302-9e5d745be2f1'
    'x-ms-version': 'REDACTED'
    'x-ms-content-crc64': 'REDACTED'
    'x-ms-request-server-encrypted': 'REDACTED'
    'Date': 'Wed, 23 Apr 2025 00:04:32 GMT'
[2025-04-23T00:04:33.810+0000] {logging_mixin.py:190} INFO - Arquivo 'CS-2446-PE-CAR-PLN-GRC-001-R0.xlsx' enviado com sucesso para o container 'brasfels-2446'.
[2025-04-23T00:04:34.073+0000] {_universal.py:506} INFO - Request URL: 'https://rpeottaprojeto.blob.core.windows.net/brasfels-2446/faturamento_2446.xlsx'
Request method: 'PUT'
Request headers:
    'Content-Length': '8935'
    'x-ms-blob-type': 'REDACTED'
    'x-ms-version': 'REDACTED'
    'Content-Type': 'application/octet-stream'
    'Accept': 'application/xml'
    'User-Agent': 'azsdk-python-storage-blob/12.24.1 Python/3.10.16 (Linux-5.15.167.4-microsoft-standard-WSL2-x86_64-with-glibc2.36)'
    'x-ms-date': 'REDACTED'
    'x-ms-client-request-id': '899d3f66-1fd6-11f0-a302-9e5d745be2f1'
    'Authorization': 'REDACTED'
A body is sent with the request
[2025-04-23T00:04:35.130+0000] {_universal.py:545} INFO - Response status: 201
Response headers:
    'Content-Length': '0'
    'Content-MD5': 'REDACTED'
    'Last-Modified': 'Wed, 23 Apr 2025 00:04:35 GMT'
    'ETag': '"0x8DD81FA6E631E0E"'
    'Server': 'Windows-Azure-Blob/1.0 Microsoft-HTTPAPI/2.0'
    'x-ms-request-id': 'fe2de886-d01e-0014-7de3-b35aa4000000'
    'x-ms-client-request-id': '899d3f66-1fd6-11f0-a302-9e5d745be2f1'
    'x-ms-version': 'REDACTED'
    'x-ms-content-crc64': 'REDACTED'
    'x-ms-request-server-encrypted': 'REDACTED'
    'Date': 'Wed, 23 Apr 2025 00:04:34 GMT'
[2025-04-23T00:04:35.132+0000] {logging_mixin.py:190} INFO - Arquivo 'faturamento_2446.xlsx' enviado com sucesso para o container 'brasfels-2446'.
[2025-04-23T00:04:35.417+0000] {_universal.py:506} INFO - Request URL: 'https://rpeottaprojeto.blob.core.windows.net/brasfels-2446/PAR_2446_BRASFELS_R0.xlsx'
Request method: 'PUT'
Request headers:
    'Content-Length': '120741'
    'x-ms-blob-type': 'REDACTED'
    'x-ms-version': 'REDACTED'
    'Content-Type': 'application/octet-stream'
    'Accept': 'application/xml'
    'User-Agent': 'azsdk-python-storage-blob/12.24.1 Python/3.10.16 (Linux-5.15.167.4-microsoft-standard-WSL2-x86_64-with-glibc2.36)'
    'x-ms-date': 'REDACTED'
    'x-ms-client-request-id': '8a6a5938-1fd6-11f0-a302-9e5d745be2f1'
    'Authorization': 'REDACTED'
A body is sent with the request
[2025-04-23T00:04:37.130+0000] {_universal.py:545} INFO - Response status: 201
Response headers:
    'Content-Length': '0'
    'Content-MD5': 'REDACTED'
    'Last-Modified': 'Wed, 23 Apr 2025 00:04:36 GMT'
    'ETag': '"0x8DD81FA6F8BD0E3"'
    'Server': 'Windows-Azure-Blob/1.0 Microsoft-HTTPAPI/2.0'
    'x-ms-request-id': '5cda7153-201e-0072-25e3-b31584000000'
    'x-ms-client-request-id': '8a6a5938-1fd6-11f0-a302-9e5d745be2f1'
    'x-ms-version': 'REDACTED'
    'x-ms-content-crc64': 'REDACTED'
    'x-ms-request-server-encrypted': 'REDACTED'
    'Date': 'Wed, 23 Apr 2025 00:04:36 GMT'
[2025-04-23T00:04:37.132+0000] {logging_mixin.py:190} INFO - Arquivo 'PAR_2446_BRASFELS_R0.xlsx' enviado com sucesso para o container 'brasfels-2446'.
[2025-04-23T00:04:37.134+0000] {python.py:240} INFO - Done. Returned value was: None
[2025-04-23T00:04:37.144+0000] {taskinstance.py:341} INFO - ::group::Post task execution logs
[2025-04-23T00:04:37.146+0000] {taskinstance.py:353} INFO - Marking task as SUCCESS. dag_id=ingestao-blobstorage-azure, task_id=ingestao_azure-2446, run_id=manual__2025-04-23T00:04:27.541694+00:00, execution_date=20250423T000427, start_date=20250423T000428, end_date=20250423T000437
[2025-04-23T00:04:37.199+0000] {local_task_job_runner.py:266} INFO - Task exited with return code 0
[2025-04-23T00:04:37.214+0000] {taskinstance.py:3901} INFO - 0 downstream tasks scheduled from follow-on schedule check
[2025-04-23T00:04:37.217+0000] {local_task_job_runner.py:245} INFO - ::endgroup::
