[2025-04-22T23:56:15.953+0000] {local_task_job_runner.py:123} INFO - ::group::Pre task execution logs
[2025-04-22T23:56:15.971+0000] {taskinstance.py:2614} INFO - Dependencies all met for dep_context=non-requeueable deps ti=<TaskInstance: ingestao-blobstorage-azure.ingestao_azure-2446 manual__2025-04-22T23:56:14.360769+00:00 [queued]>
[2025-04-22T23:56:15.981+0000] {taskinstance.py:2614} INFO - Dependencies all met for dep_context=requeueable deps ti=<TaskInstance: ingestao-blobstorage-azure.ingestao_azure-2446 manual__2025-04-22T23:56:14.360769+00:00 [queued]>
[2025-04-22T23:56:15.984+0000] {taskinstance.py:2867} INFO - Starting attempt 1 of 2
[2025-04-22T23:56:16.001+0000] {taskinstance.py:2890} INFO - Executing <Task(PythonOperator): ingestao_azure-2446> on 2025-04-22 23:56:14.360769+00:00
[2025-04-22T23:56:16.008+0000] {standard_task_runner.py:72} INFO - Started process 2243 to run task
[2025-04-22T23:56:16.012+0000] {standard_task_runner.py:104} INFO - Running: ['***', 'tasks', 'run', 'ingestao-blobstorage-azure', 'ingestao_azure-2446', 'manual__2025-04-22T23:56:14.360769+00:00', '--job-id', '73', '--raw', '--subdir', 'DAGS_FOLDER/ingestao-blobstorage-azure.py', '--cfg-path', '/tmp/tmpk_c01ww7']
[2025-04-22T23:56:16.016+0000] {standard_task_runner.py:105} INFO - Job 73: Subtask ingestao_azure-2446
[2025-04-22T23:56:16.073+0000] {task_command.py:467} INFO - Running <TaskInstance: ingestao-blobstorage-azure.ingestao_azure-2446 manual__2025-04-22T23:56:14.360769+00:00 [running]> on host e50052774237
[2025-04-22T23:56:16.152+0000] {taskinstance.py:3134} INFO - Exporting env vars: AIRFLOW_CTX_DAG_OWNER='***' AIRFLOW_CTX_DAG_ID='ingestao-blobstorage-azure' AIRFLOW_CTX_TASK_ID='ingestao_azure-2446' AIRFLOW_CTX_EXECUTION_DATE='2025-04-22T23:56:14.360769+00:00' AIRFLOW_CTX_TRY_NUMBER='1' AIRFLOW_CTX_DAG_RUN_ID='manual__2025-04-22T23:56:14.360769+00:00'
[2025-04-22T23:56:16.155+0000] {taskinstance.py:732} INFO - ::endgroup::
[2025-04-22T23:56:16.668+0000] {_universal.py:506} INFO - Request URL: 'https://rpeottaprojeto.blob.core.windows.net/brasfels-2446/LD-2446-PE-CAR-PLN-GRC-001-R0.xlsx'
Request method: 'PUT'
Request headers:
    'Content-Length': '4187310'
    'x-ms-blob-type': 'REDACTED'
    'x-ms-version': 'REDACTED'
    'Content-Type': 'application/octet-stream'
    'Accept': 'application/xml'
    'User-Agent': 'azsdk-python-storage-blob/12.24.1 Python/3.10.16 (Linux-5.15.167.4-microsoft-standard-WSL2-x86_64-with-glibc2.36)'
    'x-ms-date': 'REDACTED'
    'x-ms-client-request-id': '612349d2-1fd5-11f0-83b5-9e5d745be2f1'
    'Authorization': 'REDACTED'
A body is sent with the request
[2025-04-22T23:56:23.555+0000] {_universal.py:545} INFO - Response status: 201
Response headers:
    'Content-Length': '0'
    'Content-MD5': 'REDACTED'
    'Last-Modified': 'Tue, 22 Apr 2025 23:56:23 GMT'
    'ETag': '"0x8DD81F94965EACB"'
    'Server': 'Windows-Azure-Blob/1.0 Microsoft-HTTPAPI/2.0'
    'x-ms-request-id': 'd739553e-001e-0028-39e2-b37363000000'
    'x-ms-client-request-id': '612349d2-1fd5-11f0-83b5-9e5d745be2f1'
    'x-ms-version': 'REDACTED'
    'x-ms-content-crc64': 'REDACTED'
    'x-ms-request-server-encrypted': 'REDACTED'
    'Date': 'Tue, 22 Apr 2025 23:56:23 GMT'
[2025-04-22T23:56:23.558+0000] {logging_mixin.py:190} INFO - Arquivo 'LD-2446-PE-CAR-PLN-GRC-001-R0.xlsx' enviado com sucesso para o container 'brasfels-2446'.
[2025-04-22T23:56:23.827+0000] {_universal.py:506} INFO - Request URL: 'https://rpeottaprojeto.blob.core.windows.net/brasfels-2446/CS-2446-PE-CAR-PLN-GRC-001-R0.xlsx'
Request method: 'PUT'
Request headers:
    'Content-Length': '80279'
    'x-ms-blob-type': 'REDACTED'
    'x-ms-version': 'REDACTED'
    'Content-Type': 'application/octet-stream'
    'Accept': 'application/xml'
    'User-Agent': 'azsdk-python-storage-blob/12.24.1 Python/3.10.16 (Linux-5.15.167.4-microsoft-standard-WSL2-x86_64-with-glibc2.36)'
    'x-ms-date': 'REDACTED'
    'x-ms-client-request-id': '65678d28-1fd5-11f0-83b5-9e5d745be2f1'
    'Authorization': 'REDACTED'
A body is sent with the request
[2025-04-22T23:56:25.323+0000] {_universal.py:545} INFO - Response status: 201
Response headers:
    'Content-Length': '0'
    'Content-MD5': 'REDACTED'
    'Last-Modified': 'Tue, 22 Apr 2025 23:56:25 GMT'
    'ETag': '"0x8DD81F94A6572E4"'
    'Server': 'Windows-Azure-Blob/1.0 Microsoft-HTTPAPI/2.0'
    'x-ms-request-id': '0e1ba462-c01e-0045-28e2-b3c728000000'
    'x-ms-client-request-id': '65678d28-1fd5-11f0-83b5-9e5d745be2f1'
    'x-ms-version': 'REDACTED'
    'x-ms-content-crc64': 'REDACTED'
    'x-ms-request-server-encrypted': 'REDACTED'
    'Date': 'Tue, 22 Apr 2025 23:56:25 GMT'
[2025-04-22T23:56:25.325+0000] {logging_mixin.py:190} INFO - Arquivo 'CS-2446-PE-CAR-PLN-GRC-001-R0.xlsx' enviado com sucesso para o container 'brasfels-2446'.
[2025-04-22T23:56:25.360+0000] {logging_mixin.py:190} INFO - Erro ao enviar o arquivo 'PAR_2446_BRASFELS_R0.xlsx': [Errno 2] No such file or directory: '/opt/***/dados/02. PLN_Operacional/01 - PLANEJAMENTO E CONTROLE/COORDENACAO/PAR/PAR_2446_BRASFELS_R0.xlsx'
[2025-04-22T23:56:25.363+0000] {taskinstance.py:3313} ERROR - Task failed with exception
Traceback (most recent call last):
  File "/home/airflow/.local/lib/python3.10/site-packages/airflow/models/taskinstance.py", line 768, in _execute_task
    result = _execute_callable(context=context, **execute_callable_kwargs)
  File "/home/airflow/.local/lib/python3.10/site-packages/airflow/models/taskinstance.py", line 734, in _execute_callable
    return ExecutionCallableRunner(
  File "/home/airflow/.local/lib/python3.10/site-packages/airflow/utils/operator_helpers.py", line 252, in run
    return self.func(*args, **kwargs)
  File "/home/airflow/.local/lib/python3.10/site-packages/airflow/models/baseoperator.py", line 424, in wrapper
    return func(self, *args, **kwargs)
  File "/home/airflow/.local/lib/python3.10/site-packages/airflow/operators/python.py", line 238, in execute
    return_value = self.execute_callable()
  File "/home/airflow/.local/lib/python3.10/site-packages/airflow/operators/python.py", line 256, in execute_callable
    return runner.run(*self.op_args, **self.op_kwargs)
  File "/home/airflow/.local/lib/python3.10/site-packages/airflow/utils/operator_helpers.py", line 252, in run
    return self.func(*args, **kwargs)
  File "/opt/airflow/dags/ingestao-blobstorage-azure.py", line 45, in upload_files_brasfels
    upload_to_blob(
  File "/opt/airflow/dags/ingestao-blobstorage-azure.py", line 25, in upload_to_blob
    raise e
  File "/opt/airflow/dags/ingestao-blobstorage-azure.py", line 18, in upload_to_blob
    with open(local_file_path, "rb") as data:
FileNotFoundError: [Errno 2] No such file or directory: '/opt/airflow/dados/02. PLN_Operacional/01 - PLANEJAMENTO E CONTROLE/COORDENACAO/PAR/PAR_2446_BRASFELS_R0.xlsx'
[2025-04-22T23:56:25.384+0000] {taskinstance.py:1226} INFO - Marking task as UP_FOR_RETRY. dag_id=ingestao-blobstorage-azure, task_id=ingestao_azure-2446, run_id=manual__2025-04-22T23:56:14.360769+00:00, execution_date=20250422T235614, start_date=20250422T235615, end_date=20250422T235625
[2025-04-22T23:56:25.422+0000] {taskinstance.py:341} INFO - ::group::Post task execution logs
[2025-04-22T23:56:25.423+0000] {standard_task_runner.py:124} ERROR - Failed to execute job 73 for task ingestao_azure-2446 ([Errno 2] No such file or directory: '/opt/airflow/dados/02. PLN_Operacional/01 - PLANEJAMENTO E CONTROLE/COORDENACAO/PAR/PAR_2446_BRASFELS_R0.xlsx'; 2243)
Traceback (most recent call last):
  File "/home/airflow/.local/lib/python3.10/site-packages/airflow/task/task_runner/standard_task_runner.py", line 117, in _start_by_fork
    ret = args.func(args, dag=self.dag)
  File "/home/airflow/.local/lib/python3.10/site-packages/airflow/cli/cli_config.py", line 49, in command
    return func(*args, **kwargs)
  File "/home/airflow/.local/lib/python3.10/site-packages/airflow/utils/cli.py", line 116, in wrapper
    return f(*args, **kwargs)
  File "/home/airflow/.local/lib/python3.10/site-packages/airflow/cli/commands/task_command.py", line 483, in task_run
    task_return_code = _run_task_by_selected_method(args, _dag, ti)
  File "/home/airflow/.local/lib/python3.10/site-packages/airflow/cli/commands/task_command.py", line 256, in _run_task_by_selected_method
    return _run_raw_task(args, ti)
  File "/home/airflow/.local/lib/python3.10/site-packages/airflow/cli/commands/task_command.py", line 341, in _run_raw_task
    return ti._run_raw_task(
  File "/home/airflow/.local/lib/python3.10/site-packages/airflow/utils/session.py", line 97, in wrapper
    return func(*args, session=session, **kwargs)
  File "/home/airflow/.local/lib/python3.10/site-packages/airflow/models/taskinstance.py", line 3006, in _run_raw_task
    return _run_raw_task(
  File "/home/airflow/.local/lib/python3.10/site-packages/airflow/models/taskinstance.py", line 274, in _run_raw_task
    TaskInstance._execute_task_with_callbacks(
  File "/home/airflow/.local/lib/python3.10/site-packages/airflow/models/taskinstance.py", line 3161, in _execute_task_with_callbacks
    result = self._execute_task(context, task_orig)
  File "/home/airflow/.local/lib/python3.10/site-packages/airflow/models/taskinstance.py", line 3185, in _execute_task
    return _execute_task(self, context, task_orig)
  File "/home/airflow/.local/lib/python3.10/site-packages/airflow/models/taskinstance.py", line 768, in _execute_task
    result = _execute_callable(context=context, **execute_callable_kwargs)
  File "/home/airflow/.local/lib/python3.10/site-packages/airflow/models/taskinstance.py", line 734, in _execute_callable
    return ExecutionCallableRunner(
  File "/home/airflow/.local/lib/python3.10/site-packages/airflow/utils/operator_helpers.py", line 252, in run
    return self.func(*args, **kwargs)
  File "/home/airflow/.local/lib/python3.10/site-packages/airflow/models/baseoperator.py", line 424, in wrapper
    return func(self, *args, **kwargs)
  File "/home/airflow/.local/lib/python3.10/site-packages/airflow/operators/python.py", line 238, in execute
    return_value = self.execute_callable()
  File "/home/airflow/.local/lib/python3.10/site-packages/airflow/operators/python.py", line 256, in execute_callable
    return runner.run(*self.op_args, **self.op_kwargs)
  File "/home/airflow/.local/lib/python3.10/site-packages/airflow/utils/operator_helpers.py", line 252, in run
    return self.func(*args, **kwargs)
  File "/opt/airflow/dags/ingestao-blobstorage-azure.py", line 45, in upload_files_brasfels
    upload_to_blob(
  File "/opt/airflow/dags/ingestao-blobstorage-azure.py", line 25, in upload_to_blob
    raise e
  File "/opt/airflow/dags/ingestao-blobstorage-azure.py", line 18, in upload_to_blob
    with open(local_file_path, "rb") as data:
FileNotFoundError: [Errno 2] No such file or directory: '/opt/airflow/dados/02. PLN_Operacional/01 - PLANEJAMENTO E CONTROLE/COORDENACAO/PAR/PAR_2446_BRASFELS_R0.xlsx'
[2025-04-22T23:56:25.468+0000] {local_task_job_runner.py:266} INFO - Task exited with return code 1
[2025-04-22T23:56:25.492+0000] {taskinstance.py:3901} INFO - 0 downstream tasks scheduled from follow-on schedule check
[2025-04-22T23:56:25.496+0000] {local_task_job_runner.py:245} INFO - ::endgroup::
