[2025-04-22T23:50:41.508+0000] {local_task_job_runner.py:123} INFO - ::group::Pre task execution logs
[2025-04-22T23:50:41.527+0000] {taskinstance.py:2614} INFO - Dependencies all met for dep_context=non-requeueable deps ti=<TaskInstance: ingestao-blobstorage-azure.ingestao_azure-2446 scheduled__2025-04-21T17:00:00+00:00 [queued]>
[2025-04-22T23:50:41.537+0000] {taskinstance.py:2614} INFO - Dependencies all met for dep_context=requeueable deps ti=<TaskInstance: ingestao-blobstorage-azure.ingestao_azure-2446 scheduled__2025-04-21T17:00:00+00:00 [queued]>
[2025-04-22T23:50:41.539+0000] {taskinstance.py:2867} INFO - Starting attempt 1 of 2
[2025-04-22T23:50:41.555+0000] {taskinstance.py:2890} INFO - Executing <Task(PythonOperator): ingestao_azure-2446> on 2025-04-21 17:00:00+00:00
[2025-04-22T23:50:41.562+0000] {standard_task_runner.py:72} INFO - Started process 2151 to run task
[2025-04-22T23:50:41.567+0000] {standard_task_runner.py:104} INFO - Running: ['***', 'tasks', 'run', 'ingestao-blobstorage-azure', 'ingestao_azure-2446', 'scheduled__2025-04-21T17:00:00+00:00', '--job-id', '66', '--raw', '--subdir', 'DAGS_FOLDER/ingestao-blobstorage-azure.py', '--cfg-path', '/tmp/tmpvd5ofqe0']
[2025-04-22T23:50:41.570+0000] {standard_task_runner.py:105} INFO - Job 66: Subtask ingestao_azure-2446
[2025-04-22T23:50:41.632+0000] {task_command.py:467} INFO - Running <TaskInstance: ingestao-blobstorage-azure.ingestao_azure-2446 scheduled__2025-04-21T17:00:00+00:00 [running]> on host e50052774237
[2025-04-22T23:50:41.729+0000] {taskinstance.py:3134} INFO - Exporting env vars: AIRFLOW_CTX_DAG_OWNER='***' AIRFLOW_CTX_DAG_ID='ingestao-blobstorage-azure' AIRFLOW_CTX_TASK_ID='ingestao_azure-2446' AIRFLOW_CTX_EXECUTION_DATE='2025-04-21T17:00:00+00:00' AIRFLOW_CTX_TRY_NUMBER='1' AIRFLOW_CTX_DAG_RUN_ID='scheduled__2025-04-21T17:00:00+00:00'
[2025-04-22T23:50:41.731+0000] {taskinstance.py:732} INFO - ::endgroup::
[2025-04-22T23:50:42.459+0000] {_universal.py:506} INFO - Request URL: 'https://rpeottaprojeto.blob.core.windows.net/brasfels-2446/LD-2446-PE-CAR-PLN-GRC-001-R0.xlsx'
Request method: 'PUT'
Request headers:
    'Content-Length': '4187310'
    'x-ms-blob-type': 'REDACTED'
    'x-ms-version': 'REDACTED'
    'Content-Type': 'application/octet-stream'
    'Accept': 'application/xml'
    'User-Agent': 'azsdk-python-storage-blob/12.24.1 Python/3.10.16 (Linux-5.15.167.4-microsoft-standard-WSL2-x86_64-with-glibc2.36)'
    'x-ms-date': 'REDACTED'
    'x-ms-client-request-id': '99ef0072-1fd4-11f0-b20a-9e5d745be2f1'
    'Authorization': 'REDACTED'
A body is sent with the request
[2025-04-22T23:50:49.796+0000] {_universal.py:545} INFO - Response status: 201
Response headers:
    'Content-Length': '0'
    'Content-MD5': 'REDACTED'
    'Last-Modified': 'Tue, 22 Apr 2025 23:50:49 GMT'
    'ETag': '"0x8DD81F88263DF69"'
    'Server': 'Windows-Azure-Blob/1.0 Microsoft-HTTPAPI/2.0'
    'x-ms-request-id': 'fe14a1d0-d01e-0014-46e1-b35aa4000000'
    'x-ms-client-request-id': '99ef0072-1fd4-11f0-b20a-9e5d745be2f1'
    'x-ms-version': 'REDACTED'
    'x-ms-content-crc64': 'REDACTED'
    'x-ms-request-server-encrypted': 'REDACTED'
    'Date': 'Tue, 22 Apr 2025 23:50:49 GMT'
[2025-04-22T23:50:49.803+0000] {logging_mixin.py:190} INFO - Arquivo 'LD-2446-PE-CAR-PLN-GRC-001-R0.xlsx' enviado com sucesso para o container 'brasfels-2446'.
[2025-04-22T23:50:50.190+0000] {_universal.py:506} INFO - Request URL: 'https://rpeottaprojeto.blob.core.windows.net/brasfels-2446/CS-2446-PE-CAR-PLN-GRC-001-R0.xlsx'
Request method: 'PUT'
Request headers:
    'Content-Length': '80279'
    'x-ms-blob-type': 'REDACTED'
    'x-ms-version': 'REDACTED'
    'Content-Type': 'application/octet-stream'
    'Accept': 'application/xml'
    'User-Agent': 'azsdk-python-storage-blob/12.24.1 Python/3.10.16 (Linux-5.15.167.4-microsoft-standard-WSL2-x86_64-with-glibc2.36)'
    'x-ms-date': 'REDACTED'
    'x-ms-client-request-id': '9e8aac30-1fd4-11f0-b20a-9e5d745be2f1'
    'Authorization': 'REDACTED'
A body is sent with the request
[2025-04-22T23:50:51.653+0000] {_universal.py:545} INFO - Response status: 201
Response headers:
    'Content-Length': '0'
    'Content-MD5': 'REDACTED'
    'Last-Modified': 'Tue, 22 Apr 2025 23:50:51 GMT'
    'ETag': '"0x8DD81F8837F5AE3"'
    'Server': 'Windows-Azure-Blob/1.0 Microsoft-HTTPAPI/2.0'
    'x-ms-request-id': '9a80efdf-901e-0058-70e1-b3ca94000000'
    'x-ms-client-request-id': '9e8aac30-1fd4-11f0-b20a-9e5d745be2f1'
    'x-ms-version': 'REDACTED'
    'x-ms-content-crc64': 'REDACTED'
    'x-ms-request-server-encrypted': 'REDACTED'
    'Date': 'Tue, 22 Apr 2025 23:50:50 GMT'
[2025-04-22T23:50:51.656+0000] {logging_mixin.py:190} INFO - Arquivo 'CS-2446-PE-CAR-PLN-GRC-001-R0.xlsx' enviado com sucesso para o container 'brasfels-2446'.
[2025-04-22T23:50:51.695+0000] {logging_mixin.py:190} INFO - Erro ao enviar o arquivo 'faturamento_2446.xlsx': [Errno 2] No such file or directory: '/opt/***/dados/02. PLN_Operacional/01 - PLANEJAMENTO E CONTROLE/COORDENACAO/CONTROLES (POWER BI)/240124/BRASFELLS/faturamento_2446.xlsx'
[2025-04-22T23:50:51.727+0000] {taskinstance.py:3313} ERROR - Task failed with exception
Traceback (most recent call last):
  File "/home/airflow/.local/lib/python3.10/site-packages/airflow/models/taskinstance.py", line 768, in _execute_task
    result = _execute_callable(context=context, **execute_callable_kwargs)
  File "/home/airflow/.local/lib/python3.10/site-packages/airflow/models/taskinstance.py", line 734, in _execute_callable
    return ExecutionCallableRunner(
  File "/home/airflow/.local/lib/python3.10/site-packages/airflow/utils/operator_helpers.py", line 252, in run
    return self.func(*args, **kwargs)
  File "/home/airflow/.local/lib/python3.10/site-packages/airflow/models/baseoperator.py", line 424, in wrapper
    return func(self, *args, **kwargs)
  File "/home/airflow/.local/lib/python3.10/site-packages/airflow/operators/python.py", line 238, in execute
    return_value = self.execute_callable()
  File "/home/airflow/.local/lib/python3.10/site-packages/airflow/operators/python.py", line 256, in execute_callable
    return runner.run(*self.op_args, **self.op_kwargs)
  File "/home/airflow/.local/lib/python3.10/site-packages/airflow/utils/operator_helpers.py", line 252, in run
    return self.func(*args, **kwargs)
  File "/opt/airflow/dags/ingestao-blobstorage-azure.py", line 45, in upload_files_brasfels
    upload_to_blob(
  File "/opt/airflow/dags/ingestao-blobstorage-azure.py", line 25, in upload_to_blob
    raise e
  File "/opt/airflow/dags/ingestao-blobstorage-azure.py", line 18, in upload_to_blob
    with open(local_file_path, "rb") as data:
FileNotFoundError: [Errno 2] No such file or directory: '/opt/airflow/dados/02. PLN_Operacional/01 - PLANEJAMENTO E CONTROLE/COORDENACAO/CONTROLES (POWER BI)/240124/BRASFELLS/faturamento_2446.xlsx'
[2025-04-22T23:50:51.770+0000] {taskinstance.py:1226} INFO - Marking task as UP_FOR_RETRY. dag_id=ingestao-blobstorage-azure, task_id=ingestao_azure-2446, run_id=scheduled__2025-04-21T17:00:00+00:00, execution_date=20250421T170000, start_date=20250422T235041, end_date=20250422T235051
[2025-04-22T23:50:51.812+0000] {taskinstance.py:341} INFO - ::group::Post task execution logs
[2025-04-22T23:50:51.818+0000] {standard_task_runner.py:124} ERROR - Failed to execute job 66 for task ingestao_azure-2446 ([Errno 2] No such file or directory: '/opt/airflow/dados/02. PLN_Operacional/01 - PLANEJAMENTO E CONTROLE/COORDENACAO/CONTROLES (POWER BI)/240124/BRASFELLS/faturamento_2446.xlsx'; 2151)
Traceback (most recent call last):
  File "/home/airflow/.local/lib/python3.10/site-packages/airflow/task/task_runner/standard_task_runner.py", line 117, in _start_by_fork
    ret = args.func(args, dag=self.dag)
  File "/home/airflow/.local/lib/python3.10/site-packages/airflow/cli/cli_config.py", line 49, in command
    return func(*args, **kwargs)
  File "/home/airflow/.local/lib/python3.10/site-packages/airflow/utils/cli.py", line 116, in wrapper
    return f(*args, **kwargs)
  File "/home/airflow/.local/lib/python3.10/site-packages/airflow/cli/commands/task_command.py", line 483, in task_run
    task_return_code = _run_task_by_selected_method(args, _dag, ti)
  File "/home/airflow/.local/lib/python3.10/site-packages/airflow/cli/commands/task_command.py", line 256, in _run_task_by_selected_method
    return _run_raw_task(args, ti)
  File "/home/airflow/.local/lib/python3.10/site-packages/airflow/cli/commands/task_command.py", line 341, in _run_raw_task
    return ti._run_raw_task(
  File "/home/airflow/.local/lib/python3.10/site-packages/airflow/utils/session.py", line 97, in wrapper
    return func(*args, session=session, **kwargs)
  File "/home/airflow/.local/lib/python3.10/site-packages/airflow/models/taskinstance.py", line 3006, in _run_raw_task
    return _run_raw_task(
  File "/home/airflow/.local/lib/python3.10/site-packages/airflow/models/taskinstance.py", line 274, in _run_raw_task
    TaskInstance._execute_task_with_callbacks(
  File "/home/airflow/.local/lib/python3.10/site-packages/airflow/models/taskinstance.py", line 3161, in _execute_task_with_callbacks
    result = self._execute_task(context, task_orig)
  File "/home/airflow/.local/lib/python3.10/site-packages/airflow/models/taskinstance.py", line 3185, in _execute_task
    return _execute_task(self, context, task_orig)
  File "/home/airflow/.local/lib/python3.10/site-packages/airflow/models/taskinstance.py", line 768, in _execute_task
    result = _execute_callable(context=context, **execute_callable_kwargs)
  File "/home/airflow/.local/lib/python3.10/site-packages/airflow/models/taskinstance.py", line 734, in _execute_callable
    return ExecutionCallableRunner(
  File "/home/airflow/.local/lib/python3.10/site-packages/airflow/utils/operator_helpers.py", line 252, in run
    return self.func(*args, **kwargs)
  File "/home/airflow/.local/lib/python3.10/site-packages/airflow/models/baseoperator.py", line 424, in wrapper
    return func(self, *args, **kwargs)
  File "/home/airflow/.local/lib/python3.10/site-packages/airflow/operators/python.py", line 238, in execute
    return_value = self.execute_callable()
  File "/home/airflow/.local/lib/python3.10/site-packages/airflow/operators/python.py", line 256, in execute_callable
    return runner.run(*self.op_args, **self.op_kwargs)
  File "/home/airflow/.local/lib/python3.10/site-packages/airflow/utils/operator_helpers.py", line 252, in run
    return self.func(*args, **kwargs)
  File "/opt/airflow/dags/ingestao-blobstorage-azure.py", line 45, in upload_files_brasfels
    upload_to_blob(
  File "/opt/airflow/dags/ingestao-blobstorage-azure.py", line 25, in upload_to_blob
    raise e
  File "/opt/airflow/dags/ingestao-blobstorage-azure.py", line 18, in upload_to_blob
    with open(local_file_path, "rb") as data:
FileNotFoundError: [Errno 2] No such file or directory: '/opt/airflow/dados/02. PLN_Operacional/01 - PLANEJAMENTO E CONTROLE/COORDENACAO/CONTROLES (POWER BI)/240124/BRASFELLS/faturamento_2446.xlsx'
[2025-04-22T23:50:51.869+0000] {local_task_job_runner.py:266} INFO - Task exited with return code 1
[2025-04-22T23:50:51.891+0000] {taskinstance.py:3901} INFO - 0 downstream tasks scheduled from follow-on schedule check
[2025-04-22T23:50:51.896+0000] {local_task_job_runner.py:245} INFO - ::endgroup::
[2025-04-22T23:56:15.949+0000] {local_task_job_runner.py:123} INFO - ::group::Pre task execution logs
[2025-04-22T23:56:15.967+0000] {taskinstance.py:2614} INFO - Dependencies all met for dep_context=non-requeueable deps ti=<TaskInstance: ingestao-blobstorage-azure.ingestao_azure-2446 scheduled__2025-04-21T17:00:00+00:00 [queued]>
[2025-04-22T23:56:15.977+0000] {taskinstance.py:2614} INFO - Dependencies all met for dep_context=requeueable deps ti=<TaskInstance: ingestao-blobstorage-azure.ingestao_azure-2446 scheduled__2025-04-21T17:00:00+00:00 [queued]>
[2025-04-22T23:56:15.980+0000] {taskinstance.py:2867} INFO - Starting attempt 1 of 2
[2025-04-22T23:56:15.998+0000] {taskinstance.py:2890} INFO - Executing <Task(PythonOperator): ingestao_azure-2446> on 2025-04-21 17:00:00+00:00
[2025-04-22T23:56:16.006+0000] {standard_task_runner.py:72} INFO - Started process 2242 to run task
[2025-04-22T23:56:16.009+0000] {standard_task_runner.py:104} INFO - Running: ['***', 'tasks', 'run', 'ingestao-blobstorage-azure', 'ingestao_azure-2446', 'scheduled__2025-04-21T17:00:00+00:00', '--job-id', '72', '--raw', '--subdir', 'DAGS_FOLDER/ingestao-blobstorage-azure.py', '--cfg-path', '/tmp/tmprkse9o37']
[2025-04-22T23:56:16.017+0000] {standard_task_runner.py:105} INFO - Job 72: Subtask ingestao_azure-2446
[2025-04-22T23:56:16.070+0000] {task_command.py:467} INFO - Running <TaskInstance: ingestao-blobstorage-azure.ingestao_azure-2446 scheduled__2025-04-21T17:00:00+00:00 [running]> on host e50052774237
[2025-04-22T23:56:16.152+0000] {taskinstance.py:3134} INFO - Exporting env vars: AIRFLOW_CTX_DAG_OWNER='***' AIRFLOW_CTX_DAG_ID='ingestao-blobstorage-azure' AIRFLOW_CTX_TASK_ID='ingestao_azure-2446' AIRFLOW_CTX_EXECUTION_DATE='2025-04-21T17:00:00+00:00' AIRFLOW_CTX_TRY_NUMBER='1' AIRFLOW_CTX_DAG_RUN_ID='scheduled__2025-04-21T17:00:00+00:00'
[2025-04-22T23:56:16.155+0000] {taskinstance.py:732} INFO - ::endgroup::
[2025-04-22T23:56:16.682+0000] {_universal.py:506} INFO - Request URL: 'https://rpeottaprojeto.blob.core.windows.net/brasfels-2446/LD-2446-PE-CAR-PLN-GRC-001-R0.xlsx'
Request method: 'PUT'
Request headers:
    'Content-Length': '4187310'
    'x-ms-blob-type': 'REDACTED'
    'x-ms-version': 'REDACTED'
    'Content-Type': 'application/octet-stream'
    'Accept': 'application/xml'
    'User-Agent': 'azsdk-python-storage-blob/12.24.1 Python/3.10.16 (Linux-5.15.167.4-microsoft-standard-WSL2-x86_64-with-glibc2.36)'
    'x-ms-date': 'REDACTED'
    'x-ms-client-request-id': '6125504c-1fd5-11f0-8a0e-9e5d745be2f1'
    'Authorization': 'REDACTED'
A body is sent with the request
[2025-04-22T23:56:23.490+0000] {_universal.py:545} INFO - Response status: 201
Response headers:
    'Content-Length': '0'
    'Content-MD5': 'REDACTED'
    'Last-Modified': 'Tue, 22 Apr 2025 23:56:23 GMT'
    'ETag': '"0x8DD81F94956B99C"'
    'Server': 'Windows-Azure-Blob/1.0 Microsoft-HTTPAPI/2.0'
    'x-ms-request-id': '2e029a02-b01e-005f-6ce2-b3a6f7000000'
    'x-ms-client-request-id': '6125504c-1fd5-11f0-8a0e-9e5d745be2f1'
    'x-ms-version': 'REDACTED'
    'x-ms-content-crc64': 'REDACTED'
    'x-ms-request-server-encrypted': 'REDACTED'
    'Date': 'Tue, 22 Apr 2025 23:56:23 GMT'
[2025-04-22T23:56:23.493+0000] {logging_mixin.py:190} INFO - Arquivo 'LD-2446-PE-CAR-PLN-GRC-001-R0.xlsx' enviado com sucesso para o container 'brasfels-2446'.
[2025-04-22T23:56:23.806+0000] {_universal.py:506} INFO - Request URL: 'https://rpeottaprojeto.blob.core.windows.net/brasfels-2446/CS-2446-PE-CAR-PLN-GRC-001-R0.xlsx'
Request method: 'PUT'
Request headers:
    'Content-Length': '80279'
    'x-ms-blob-type': 'REDACTED'
    'x-ms-version': 'REDACTED'
    'Content-Type': 'application/octet-stream'
    'Accept': 'application/xml'
    'User-Agent': 'azsdk-python-storage-blob/12.24.1 Python/3.10.16 (Linux-5.15.167.4-microsoft-standard-WSL2-x86_64-with-glibc2.36)'
    'x-ms-date': 'REDACTED'
    'x-ms-client-request-id': '6564589c-1fd5-11f0-8a0e-9e5d745be2f1'
    'Authorization': 'REDACTED'
A body is sent with the request
[2025-04-22T23:56:25.323+0000] {_universal.py:545} INFO - Response status: 201
Response headers:
    'Content-Length': '0'
    'Content-MD5': 'REDACTED'
    'Last-Modified': 'Tue, 22 Apr 2025 23:56:25 GMT'
    'ETag': '"0x8DD81F94A64FE3B"'
    'Server': 'Windows-Azure-Blob/1.0 Microsoft-HTTPAPI/2.0'
    'x-ms-request-id': '1f56a60d-001e-0007-67e2-b37ea8000000'
    'x-ms-client-request-id': '6564589c-1fd5-11f0-8a0e-9e5d745be2f1'
    'x-ms-version': 'REDACTED'
    'x-ms-content-crc64': 'REDACTED'
    'x-ms-request-server-encrypted': 'REDACTED'
    'Date': 'Tue, 22 Apr 2025 23:56:25 GMT'
[2025-04-22T23:56:25.325+0000] {logging_mixin.py:190} INFO - Arquivo 'CS-2446-PE-CAR-PLN-GRC-001-R0.xlsx' enviado com sucesso para o container 'brasfels-2446'.
[2025-04-22T23:56:25.360+0000] {logging_mixin.py:190} INFO - Erro ao enviar o arquivo 'PAR_2446_BRASFELS_R0.xlsx': [Errno 2] No such file or directory: '/opt/***/dados/02. PLN_Operacional/01 - PLANEJAMENTO E CONTROLE/COORDENACAO/PAR/PAR_2446_BRASFELS_R0.xlsx'
[2025-04-22T23:56:25.363+0000] {taskinstance.py:3313} ERROR - Task failed with exception
Traceback (most recent call last):
  File "/home/airflow/.local/lib/python3.10/site-packages/airflow/models/taskinstance.py", line 768, in _execute_task
    result = _execute_callable(context=context, **execute_callable_kwargs)
  File "/home/airflow/.local/lib/python3.10/site-packages/airflow/models/taskinstance.py", line 734, in _execute_callable
    return ExecutionCallableRunner(
  File "/home/airflow/.local/lib/python3.10/site-packages/airflow/utils/operator_helpers.py", line 252, in run
    return self.func(*args, **kwargs)
  File "/home/airflow/.local/lib/python3.10/site-packages/airflow/models/baseoperator.py", line 424, in wrapper
    return func(self, *args, **kwargs)
  File "/home/airflow/.local/lib/python3.10/site-packages/airflow/operators/python.py", line 238, in execute
    return_value = self.execute_callable()
  File "/home/airflow/.local/lib/python3.10/site-packages/airflow/operators/python.py", line 256, in execute_callable
    return runner.run(*self.op_args, **self.op_kwargs)
  File "/home/airflow/.local/lib/python3.10/site-packages/airflow/utils/operator_helpers.py", line 252, in run
    return self.func(*args, **kwargs)
  File "/opt/airflow/dags/ingestao-blobstorage-azure.py", line 45, in upload_files_brasfels
    upload_to_blob(
  File "/opt/airflow/dags/ingestao-blobstorage-azure.py", line 25, in upload_to_blob
    raise e
  File "/opt/airflow/dags/ingestao-blobstorage-azure.py", line 18, in upload_to_blob
    with open(local_file_path, "rb") as data:
FileNotFoundError: [Errno 2] No such file or directory: '/opt/airflow/dados/02. PLN_Operacional/01 - PLANEJAMENTO E CONTROLE/COORDENACAO/PAR/PAR_2446_BRASFELS_R0.xlsx'
[2025-04-22T23:56:25.384+0000] {taskinstance.py:1226} INFO - Marking task as UP_FOR_RETRY. dag_id=ingestao-blobstorage-azure, task_id=ingestao_azure-2446, run_id=scheduled__2025-04-21T17:00:00+00:00, execution_date=20250421T170000, start_date=20250422T235615, end_date=20250422T235625
[2025-04-22T23:56:25.423+0000] {taskinstance.py:341} INFO - ::group::Post task execution logs
[2025-04-22T23:56:25.425+0000] {standard_task_runner.py:124} ERROR - Failed to execute job 72 for task ingestao_azure-2446 ([Errno 2] No such file or directory: '/opt/airflow/dados/02. PLN_Operacional/01 - PLANEJAMENTO E CONTROLE/COORDENACAO/PAR/PAR_2446_BRASFELS_R0.xlsx'; 2242)
Traceback (most recent call last):
  File "/home/airflow/.local/lib/python3.10/site-packages/airflow/task/task_runner/standard_task_runner.py", line 117, in _start_by_fork
    ret = args.func(args, dag=self.dag)
  File "/home/airflow/.local/lib/python3.10/site-packages/airflow/cli/cli_config.py", line 49, in command
    return func(*args, **kwargs)
  File "/home/airflow/.local/lib/python3.10/site-packages/airflow/utils/cli.py", line 116, in wrapper
    return f(*args, **kwargs)
  File "/home/airflow/.local/lib/python3.10/site-packages/airflow/cli/commands/task_command.py", line 483, in task_run
    task_return_code = _run_task_by_selected_method(args, _dag, ti)
  File "/home/airflow/.local/lib/python3.10/site-packages/airflow/cli/commands/task_command.py", line 256, in _run_task_by_selected_method
    return _run_raw_task(args, ti)
  File "/home/airflow/.local/lib/python3.10/site-packages/airflow/cli/commands/task_command.py", line 341, in _run_raw_task
    return ti._run_raw_task(
  File "/home/airflow/.local/lib/python3.10/site-packages/airflow/utils/session.py", line 97, in wrapper
    return func(*args, session=session, **kwargs)
  File "/home/airflow/.local/lib/python3.10/site-packages/airflow/models/taskinstance.py", line 3006, in _run_raw_task
    return _run_raw_task(
  File "/home/airflow/.local/lib/python3.10/site-packages/airflow/models/taskinstance.py", line 274, in _run_raw_task
    TaskInstance._execute_task_with_callbacks(
  File "/home/airflow/.local/lib/python3.10/site-packages/airflow/models/taskinstance.py", line 3161, in _execute_task_with_callbacks
    result = self._execute_task(context, task_orig)
  File "/home/airflow/.local/lib/python3.10/site-packages/airflow/models/taskinstance.py", line 3185, in _execute_task
    return _execute_task(self, context, task_orig)
  File "/home/airflow/.local/lib/python3.10/site-packages/airflow/models/taskinstance.py", line 768, in _execute_task
    result = _execute_callable(context=context, **execute_callable_kwargs)
  File "/home/airflow/.local/lib/python3.10/site-packages/airflow/models/taskinstance.py", line 734, in _execute_callable
    return ExecutionCallableRunner(
  File "/home/airflow/.local/lib/python3.10/site-packages/airflow/utils/operator_helpers.py", line 252, in run
    return self.func(*args, **kwargs)
  File "/home/airflow/.local/lib/python3.10/site-packages/airflow/models/baseoperator.py", line 424, in wrapper
    return func(self, *args, **kwargs)
  File "/home/airflow/.local/lib/python3.10/site-packages/airflow/operators/python.py", line 238, in execute
    return_value = self.execute_callable()
  File "/home/airflow/.local/lib/python3.10/site-packages/airflow/operators/python.py", line 256, in execute_callable
    return runner.run(*self.op_args, **self.op_kwargs)
  File "/home/airflow/.local/lib/python3.10/site-packages/airflow/utils/operator_helpers.py", line 252, in run
    return self.func(*args, **kwargs)
  File "/opt/airflow/dags/ingestao-blobstorage-azure.py", line 45, in upload_files_brasfels
    upload_to_blob(
  File "/opt/airflow/dags/ingestao-blobstorage-azure.py", line 25, in upload_to_blob
    raise e
  File "/opt/airflow/dags/ingestao-blobstorage-azure.py", line 18, in upload_to_blob
    with open(local_file_path, "rb") as data:
FileNotFoundError: [Errno 2] No such file or directory: '/opt/airflow/dados/02. PLN_Operacional/01 - PLANEJAMENTO E CONTROLE/COORDENACAO/PAR/PAR_2446_BRASFELS_R0.xlsx'
[2025-04-22T23:56:25.468+0000] {local_task_job_runner.py:266} INFO - Task exited with return code 1
[2025-04-22T23:56:25.492+0000] {taskinstance.py:3901} INFO - 0 downstream tasks scheduled from follow-on schedule check
[2025-04-22T23:56:25.497+0000] {local_task_job_runner.py:245} INFO - ::endgroup::
[2025-04-23T00:06:33.680+0000] {local_task_job_runner.py:123} INFO - ::group::Pre task execution logs
[2025-04-23T00:06:33.699+0000] {taskinstance.py:2614} INFO - Dependencies all met for dep_context=non-requeueable deps ti=<TaskInstance: ingestao-blobstorage-azure.ingestao_azure-2446 scheduled__2025-04-21T17:00:00+00:00 [queued]>
[2025-04-23T00:06:33.709+0000] {taskinstance.py:2614} INFO - Dependencies all met for dep_context=requeueable deps ti=<TaskInstance: ingestao-blobstorage-azure.ingestao_azure-2446 scheduled__2025-04-21T17:00:00+00:00 [queued]>
[2025-04-23T00:06:33.711+0000] {taskinstance.py:2867} INFO - Starting attempt 1 of 2
[2025-04-23T00:06:33.727+0000] {taskinstance.py:2890} INFO - Executing <Task(PythonOperator): ingestao_azure-2446> on 2025-04-21 17:00:00+00:00
[2025-04-23T00:06:33.734+0000] {standard_task_runner.py:72} INFO - Started process 2365 to run task
[2025-04-23T00:06:33.737+0000] {standard_task_runner.py:104} INFO - Running: ['***', 'tasks', 'run', 'ingestao-blobstorage-azure', 'ingestao_azure-2446', 'scheduled__2025-04-21T17:00:00+00:00', '--job-id', '79', '--raw', '--subdir', 'DAGS_FOLDER/ingestao-blobstorage-azure.py', '--cfg-path', '/tmp/tmpckifowhm']
[2025-04-23T00:06:33.740+0000] {standard_task_runner.py:105} INFO - Job 79: Subtask ingestao_azure-2446
[2025-04-23T00:06:33.789+0000] {task_command.py:467} INFO - Running <TaskInstance: ingestao-blobstorage-azure.ingestao_azure-2446 scheduled__2025-04-21T17:00:00+00:00 [running]> on host e50052774237
[2025-04-23T00:06:33.860+0000] {taskinstance.py:3134} INFO - Exporting env vars: AIRFLOW_CTX_DAG_OWNER='***' AIRFLOW_CTX_DAG_ID='ingestao-blobstorage-azure' AIRFLOW_CTX_TASK_ID='ingestao_azure-2446' AIRFLOW_CTX_EXECUTION_DATE='2025-04-21T17:00:00+00:00' AIRFLOW_CTX_TRY_NUMBER='1' AIRFLOW_CTX_DAG_RUN_ID='scheduled__2025-04-21T17:00:00+00:00'
[2025-04-23T00:06:33.862+0000] {taskinstance.py:732} INFO - ::endgroup::
[2025-04-23T00:06:35.074+0000] {_universal.py:506} INFO - Request URL: 'https://rpeottaprojeto.blob.core.windows.net/brasfels-2446/LD-2446-PE-CAR-PLN-GRC-001-R0.xlsx'
Request method: 'PUT'
Request headers:
    'Content-Length': '4187310'
    'x-ms-blob-type': 'REDACTED'
    'x-ms-version': 'REDACTED'
    'Content-Type': 'application/octet-stream'
    'Accept': 'application/xml'
    'User-Agent': 'azsdk-python-storage-blob/12.24.1 Python/3.10.16 (Linux-5.15.167.4-microsoft-standard-WSL2-x86_64-with-glibc2.36)'
    'x-ms-date': 'REDACTED'
    'x-ms-client-request-id': 'd1bc6e5c-1fd6-11f0-abf5-9e5d745be2f1'
    'Authorization': 'REDACTED'
A body is sent with the request
[2025-04-23T00:04:28.304+0000] {_universal.py:545} INFO - Response status: 201
Response headers:
    'Content-Length': '0'
    'Content-MD5': 'REDACTED'
    'Last-Modified': 'Wed, 23 Apr 2025 00:04:28 GMT'
    'ETag': '"0x8DD81FA6A4EABE9"'
    'Server': 'Windows-Azure-Blob/1.0 Microsoft-HTTPAPI/2.0'
    'x-ms-request-id': '572c211c-d01e-0059-49e3-b39548000000'
    'x-ms-client-request-id': 'd1bc6e5c-1fd6-11f0-abf5-9e5d745be2f1'
    'x-ms-version': 'REDACTED'
    'x-ms-content-crc64': 'REDACTED'
    'x-ms-request-server-encrypted': 'REDACTED'
    'Date': 'Wed, 23 Apr 2025 00:04:27 GMT'
[2025-04-23T00:04:28.309+0000] {logging_mixin.py:190} INFO - Arquivo 'LD-2446-PE-CAR-PLN-GRC-001-R0.xlsx' enviado com sucesso para o container 'brasfels-2446'.
[2025-04-23T00:04:28.538+0000] {_universal.py:506} INFO - Request URL: 'https://rpeottaprojeto.blob.core.windows.net/brasfels-2446/CS-2446-PE-CAR-PLN-GRC-001-R0.xlsx'
Request method: 'PUT'
Request headers:
    'Content-Length': '80279'
    'x-ms-blob-type': 'REDACTED'
    'x-ms-version': 'REDACTED'
    'Content-Type': 'application/octet-stream'
    'Accept': 'application/xml'
    'User-Agent': 'azsdk-python-storage-blob/12.24.1 Python/3.10.16 (Linux-5.15.167.4-microsoft-standard-WSL2-x86_64-with-glibc2.36)'
    'x-ms-date': 'REDACTED'
    'x-ms-client-request-id': '8650bdba-1fd6-11f0-abf6-9e5d745be2f1'
    'Authorization': 'REDACTED'
A body is sent with the request
[2025-04-23T00:04:29.926+0000] {_universal.py:545} INFO - Response status: 201
Response headers:
    'Content-Length': '0'
    'Content-MD5': 'REDACTED'
    'Last-Modified': 'Wed, 23 Apr 2025 00:04:29 GMT'
    'ETag': '"0x8DD81FA6B489435"'
    'Server': 'Windows-Azure-Blob/1.0 Microsoft-HTTPAPI/2.0'
    'x-ms-request-id': '49dbc965-f01e-003c-3ce3-b33b0c000000'
    'x-ms-client-request-id': '8650bdba-1fd6-11f0-abf6-9e5d745be2f1'
    'x-ms-version': 'REDACTED'
    'x-ms-content-crc64': 'REDACTED'
    'x-ms-request-server-encrypted': 'REDACTED'
    'Date': 'Wed, 23 Apr 2025 00:04:29 GMT'
[2025-04-23T00:04:29.928+0000] {logging_mixin.py:190} INFO - Arquivo 'CS-2446-PE-CAR-PLN-GRC-001-R0.xlsx' enviado com sucesso para o container 'brasfels-2446'.
[2025-04-23T00:04:30.114+0000] {_universal.py:506} INFO - Request URL: 'https://rpeottaprojeto.blob.core.windows.net/brasfels-2446/faturamento_2446.xlsx'
Request method: 'PUT'
Request headers:
    'Content-Length': '8935'
    'x-ms-blob-type': 'REDACTED'
    'x-ms-version': 'REDACTED'
    'Content-Type': 'application/octet-stream'
    'Accept': 'application/xml'
    'User-Agent': 'azsdk-python-storage-blob/12.24.1 Python/3.10.16 (Linux-5.15.167.4-microsoft-standard-WSL2-x86_64-with-glibc2.36)'
    'x-ms-date': 'REDACTED'
    'x-ms-client-request-id': '87411fda-1fd6-11f0-abf6-9e5d745be2f1'
    'Authorization': 'REDACTED'
A body is sent with the request
[2025-04-23T00:04:31.085+0000] {_universal.py:545} INFO - Response status: 201
Response headers:
    'Content-Length': '0'
    'Content-MD5': 'REDACTED'
    'Last-Modified': 'Wed, 23 Apr 2025 00:04:30 GMT'
    'ETag': '"0x8DD81FA6BF74947"'
    'Server': 'Windows-Azure-Blob/1.0 Microsoft-HTTPAPI/2.0'
    'x-ms-request-id': '2eb35a06-201e-005d-35e3-b3184f000000'
    'x-ms-client-request-id': '87411fda-1fd6-11f0-abf6-9e5d745be2f1'
    'x-ms-version': 'REDACTED'
    'x-ms-content-crc64': 'REDACTED'
    'x-ms-request-server-encrypted': 'REDACTED'
    'Date': 'Wed, 23 Apr 2025 00:04:30 GMT'
[2025-04-23T00:04:31.087+0000] {logging_mixin.py:190} INFO - Arquivo 'faturamento_2446.xlsx' enviado com sucesso para o container 'brasfels-2446'.
[2025-04-23T00:04:31.297+0000] {_universal.py:506} INFO - Request URL: 'https://rpeottaprojeto.blob.core.windows.net/brasfels-2446/PAR_2446_BRASFELS_R0.xlsx'
Request method: 'PUT'
Request headers:
    'Content-Length': '120741'
    'x-ms-blob-type': 'REDACTED'
    'x-ms-version': 'REDACTED'
    'Content-Type': 'application/octet-stream'
    'Accept': 'application/xml'
    'User-Agent': 'azsdk-python-storage-blob/12.24.1 Python/3.10.16 (Linux-5.15.167.4-microsoft-standard-WSL2-x86_64-with-glibc2.36)'
    'x-ms-date': 'REDACTED'
    'x-ms-client-request-id': '87f5adb0-1fd6-11f0-abf6-9e5d745be2f1'
    'Authorization': 'REDACTED'
A body is sent with the request
[2025-04-23T00:04:32.838+0000] {_universal.py:545} INFO - Response status: 201
Response headers:
    'Content-Length': '0'
    'Content-MD5': 'REDACTED'
    'Last-Modified': 'Wed, 23 Apr 2025 00:04:32 GMT'
    'ETag': '"0x8DD81FA6CFE1B59"'
    'Server': 'Windows-Azure-Blob/1.0 Microsoft-HTTPAPI/2.0'
    'x-ms-request-id': '4d9e3894-101e-0069-5ce3-b32b87000000'
    'x-ms-client-request-id': '87f5adb0-1fd6-11f0-abf6-9e5d745be2f1'
    'x-ms-version': 'REDACTED'
    'x-ms-content-crc64': 'REDACTED'
    'x-ms-request-server-encrypted': 'REDACTED'
    'Date': 'Wed, 23 Apr 2025 00:04:32 GMT'
[2025-04-23T00:04:32.843+0000] {logging_mixin.py:190} INFO - Arquivo 'PAR_2446_BRASFELS_R0.xlsx' enviado com sucesso para o container 'brasfels-2446'.
[2025-04-23T00:04:32.847+0000] {python.py:240} INFO - Done. Returned value was: None
[2025-04-23T00:04:32.862+0000] {taskinstance.py:341} INFO - ::group::Post task execution logs
[2025-04-23T00:04:32.865+0000] {taskinstance.py:353} INFO - Marking task as SUCCESS. dag_id=ingestao-blobstorage-azure, task_id=ingestao_azure-2446, run_id=scheduled__2025-04-21T17:00:00+00:00, execution_date=20250421T170000, start_date=20250423T000633, end_date=20250423T000432
[2025-04-23T00:06:43.873+0000] {local_task_job_runner.py:266} INFO - Task exited with return code 0
[2025-04-23T00:06:43.892+0000] {taskinstance.py:3901} INFO - 0 downstream tasks scheduled from follow-on schedule check
[2025-04-23T00:06:43.898+0000] {local_task_job_runner.py:245} INFO - ::endgroup::
