[2025-04-23T18:53:39.411+0000] {local_task_job_runner.py:123} INFO - ::group::Pre task execution logs
[2025-04-23T18:53:39.424+0000] {taskinstance.py:2614} INFO - Dependencies all met for dep_context=non-requeueable deps ti=<TaskInstance: ingestao-blobstorage-azure.ingestao_azure-2446 manual__2025-04-23T18:53:38.249564+00:00 [queued]>
[2025-04-23T18:53:39.430+0000] {taskinstance.py:2614} INFO - Dependencies all met for dep_context=requeueable deps ti=<TaskInstance: ingestao-blobstorage-azure.ingestao_azure-2446 manual__2025-04-23T18:53:38.249564+00:00 [queued]>
[2025-04-23T18:53:39.431+0000] {taskinstance.py:2867} INFO - Starting attempt 1 of 2
[2025-04-23T18:53:39.442+0000] {taskinstance.py:2890} INFO - Executing <Task(PythonOperator): ingestao_azure-2446> on 2025-04-23 18:53:38.249564+00:00
[2025-04-23T18:53:39.447+0000] {standard_task_runner.py:72} INFO - Started process 2882 to run task
[2025-04-23T18:53:39.450+0000] {standard_task_runner.py:104} INFO - Running: ['***', 'tasks', 'run', 'ingestao-blobstorage-azure', 'ingestao_azure-2446', 'manual__2025-04-23T18:53:38.249564+00:00', '--job-id', '86', '--raw', '--subdir', 'DAGS_FOLDER/ingestao-blobstorage-azure.py', '--cfg-path', '/tmp/tmpxd78_1yd']
[2025-04-23T18:53:39.455+0000] {standard_task_runner.py:105} INFO - Job 86: Subtask ingestao_azure-2446
[2025-04-23T18:53:39.496+0000] {task_command.py:467} INFO - Running <TaskInstance: ingestao-blobstorage-azure.ingestao_azure-2446 manual__2025-04-23T18:53:38.249564+00:00 [running]> on host e50052774237
[2025-04-23T18:53:39.551+0000] {taskinstance.py:3134} INFO - Exporting env vars: AIRFLOW_CTX_DAG_OWNER='***' AIRFLOW_CTX_DAG_ID='ingestao-blobstorage-azure' AIRFLOW_CTX_TASK_ID='ingestao_azure-2446' AIRFLOW_CTX_EXECUTION_DATE='2025-04-23T18:53:38.249564+00:00' AIRFLOW_CTX_TRY_NUMBER='1' AIRFLOW_CTX_DAG_RUN_ID='manual__2025-04-23T18:53:38.249564+00:00'
[2025-04-23T18:53:39.554+0000] {taskinstance.py:732} INFO - ::endgroup::
[2025-04-23T18:53:40.527+0000] {_universal.py:506} INFO - Request URL: 'https://rpeottaprojeto.blob.core.windows.net/brasfels-2446/LD-2446-PE-CAR-PLN-GRC-001-R0.xlsx'
Request method: 'PUT'
Request headers:
    'Content-Length': '4187310'
    'x-ms-blob-type': 'REDACTED'
    'x-ms-version': 'REDACTED'
    'Content-Type': 'application/octet-stream'
    'Accept': 'application/xml'
    'User-Agent': 'azsdk-python-storage-blob/12.24.1 Python/3.10.16 (Linux-5.15.167.4-microsoft-standard-WSL2-x86_64-with-glibc2.36)'
    'x-ms-date': 'REDACTED'
    'x-ms-client-request-id': '45a5c60e-2074-11f0-9dd4-9e5d745be2f1'
    'Authorization': 'REDACTED'
A body is sent with the request
[2025-04-23T18:53:47.269+0000] {_universal.py:545} INFO - Response status: 201
Response headers:
    'Content-Length': '0'
    'Content-MD5': 'REDACTED'
    'Last-Modified': 'Wed, 23 Apr 2025 18:53:47 GMT'
    'ETag': '"0x8DD82982DCE8806"'
    'Server': 'Windows-Azure-Blob/1.0 Microsoft-HTTPAPI/2.0'
    'x-ms-request-id': '775a72c0-d01e-002b-1a81-b49207000000'
    'x-ms-client-request-id': '45a5c60e-2074-11f0-9dd4-9e5d745be2f1'
    'x-ms-version': 'REDACTED'
    'x-ms-content-crc64': 'REDACTED'
    'x-ms-request-server-encrypted': 'REDACTED'
    'Date': 'Wed, 23 Apr 2025 18:53:46 GMT'
[2025-04-23T18:53:47.276+0000] {logging_mixin.py:190} INFO - Arquivo 'LD-2446-PE-CAR-PLN-GRC-001-R0.xlsx' enviado com sucesso para o container 'brasfels-2446'.
[2025-04-23T18:53:47.681+0000] {_universal.py:506} INFO - Request URL: 'https://rpeottaprojeto.blob.core.windows.net/brasfels-2446/CS-2446-PE-CAR-PLN-GRC-001-R0.xlsx'
Request method: 'PUT'
Request headers:
    'Content-Length': '80279'
    'x-ms-blob-type': 'REDACTED'
    'x-ms-version': 'REDACTED'
    'Content-Type': 'application/octet-stream'
    'Accept': 'application/xml'
    'User-Agent': 'azsdk-python-storage-blob/12.24.1 Python/3.10.16 (Linux-5.15.167.4-microsoft-standard-WSL2-x86_64-with-glibc2.36)'
    'x-ms-date': 'REDACTED'
    'x-ms-client-request-id': '49e967b6-2074-11f0-9dd4-9e5d745be2f1'
    'Authorization': 'REDACTED'
A body is sent with the request
[2025-04-23T18:53:49.496+0000] {_universal.py:545} INFO - Response status: 201
Response headers:
    'Content-Length': '0'
    'Content-MD5': 'REDACTED'
    'Last-Modified': 'Wed, 23 Apr 2025 18:53:49 GMT'
    'ETag': '"0x8DD82982F1FA443"'
    'Server': 'Windows-Azure-Blob/1.0 Microsoft-HTTPAPI/2.0'
    'x-ms-request-id': '26953cd3-a01e-006c-3f81-b4f95c000000'
    'x-ms-client-request-id': '49e967b6-2074-11f0-9dd4-9e5d745be2f1'
    'x-ms-version': 'REDACTED'
    'x-ms-content-crc64': 'REDACTED'
    'x-ms-request-server-encrypted': 'REDACTED'
    'Date': 'Wed, 23 Apr 2025 18:53:49 GMT'
[2025-04-23T18:53:49.501+0000] {logging_mixin.py:190} INFO - Arquivo 'CS-2446-PE-CAR-PLN-GRC-001-R0.xlsx' enviado com sucesso para o container 'brasfels-2446'.
[2025-04-23T18:53:50.062+0000] {_universal.py:506} INFO - Request URL: 'https://rpeottaprojeto.blob.core.windows.net/brasfels-2446/faturamento_2446.xlsx'
Request method: 'PUT'
Request headers:
    'Content-Length': '8935'
    'x-ms-blob-type': 'REDACTED'
    'x-ms-version': 'REDACTED'
    'Content-Type': 'application/octet-stream'
    'Accept': 'application/xml'
    'User-Agent': 'azsdk-python-storage-blob/12.24.1 Python/3.10.16 (Linux-5.15.167.4-microsoft-standard-WSL2-x86_64-with-glibc2.36)'
    'x-ms-date': 'REDACTED'
    'x-ms-client-request-id': '4b54bd3a-2074-11f0-9dd4-9e5d745be2f1'
    'Authorization': 'REDACTED'
A body is sent with the request
[2025-04-23T18:53:50.928+0000] {_universal.py:545} INFO - Response status: 201
Response headers:
    'Content-Length': '0'
    'Content-MD5': 'REDACTED'
    'Last-Modified': 'Wed, 23 Apr 2025 18:53:50 GMT'
    'ETag': '"0x8DD82982FFCAF69"'
    'Server': 'Windows-Azure-Blob/1.0 Microsoft-HTTPAPI/2.0'
    'x-ms-request-id': '8f670df3-d01e-003b-6c81-b4576f000000'
    'x-ms-client-request-id': '4b54bd3a-2074-11f0-9dd4-9e5d745be2f1'
    'x-ms-version': 'REDACTED'
    'x-ms-content-crc64': 'REDACTED'
    'x-ms-request-server-encrypted': 'REDACTED'
    'Date': 'Wed, 23 Apr 2025 18:53:50 GMT'
[2025-04-23T18:53:50.929+0000] {logging_mixin.py:190} INFO - Arquivo 'faturamento_2446.xlsx' enviado com sucesso para o container 'brasfels-2446'.
[2025-04-23T18:53:51.707+0000] {_universal.py:506} INFO - Request URL: 'https://rpeottaprojeto.blob.core.windows.net/brasfels-2446/PAR_2446_BRASFELS_R0.xlsx'
Request method: 'PUT'
Request headers:
    'Content-Length': '120741'
    'x-ms-blob-type': 'REDACTED'
    'x-ms-version': 'REDACTED'
    'Content-Type': 'application/octet-stream'
    'Accept': 'application/xml'
    'User-Agent': 'azsdk-python-storage-blob/12.24.1 Python/3.10.16 (Linux-5.15.167.4-microsoft-standard-WSL2-x86_64-with-glibc2.36)'
    'x-ms-date': 'REDACTED'
    'x-ms-client-request-id': '4c4fb488-2074-11f0-9dd4-9e5d745be2f1'
    'Authorization': 'REDACTED'
A body is sent with the request
[2025-04-23T18:53:53.271+0000] {_universal.py:545} INFO - Response status: 201
Response headers:
    'Content-Length': '0'
    'Content-MD5': 'REDACTED'
    'Last-Modified': 'Wed, 23 Apr 2025 18:53:53 GMT'
    'ETag': '"0x8DD8298315E33EC"'
    'Server': 'Windows-Azure-Blob/1.0 Microsoft-HTTPAPI/2.0'
    'x-ms-request-id': 'f240503d-901e-0005-5481-b4c010000000'
    'x-ms-client-request-id': '4c4fb488-2074-11f0-9dd4-9e5d745be2f1'
    'x-ms-version': 'REDACTED'
    'x-ms-content-crc64': 'REDACTED'
    'x-ms-request-server-encrypted': 'REDACTED'
    'Date': 'Wed, 23 Apr 2025 18:53:52 GMT'
[2025-04-23T18:53:53.274+0000] {logging_mixin.py:190} INFO - Arquivo 'PAR_2446_BRASFELS_R0.xlsx' enviado com sucesso para o container 'brasfels-2446'.
[2025-04-23T18:53:53.276+0000] {python.py:240} INFO - Done. Returned value was: None
[2025-04-23T18:53:53.291+0000] {taskinstance.py:341} INFO - ::group::Post task execution logs
[2025-04-23T18:53:53.293+0000] {taskinstance.py:353} INFO - Marking task as SUCCESS. dag_id=ingestao-blobstorage-azure, task_id=ingestao_azure-2446, run_id=manual__2025-04-23T18:53:38.249564+00:00, execution_date=20250423T185338, start_date=20250423T185339, end_date=20250423T185353
[2025-04-23T18:53:53.352+0000] {local_task_job_runner.py:266} INFO - Task exited with return code 0
[2025-04-23T18:53:53.368+0000] {taskinstance.py:3901} INFO - 0 downstream tasks scheduled from follow-on schedule check
[2025-04-23T18:53:53.376+0000] {local_task_job_runner.py:245} INFO - ::endgroup::
