[2025-04-23T18:54:07.178+0000] {local_task_job_runner.py:123} INFO - ::group::Pre task execution logs
[2025-04-23T18:54:07.195+0000] {taskinstance.py:2614} INFO - Dependencies all met for dep_context=non-requeueable deps ti=<TaskInstance: ingestao-blobstorage-azure.ingestao_azure-2446 manual__2025-04-23T18:54:06.556198+00:00 [queued]>
[2025-04-23T18:54:07.203+0000] {taskinstance.py:2614} INFO - Dependencies all met for dep_context=requeueable deps ti=<TaskInstance: ingestao-blobstorage-azure.ingestao_azure-2446 manual__2025-04-23T18:54:06.556198+00:00 [queued]>
[2025-04-23T18:54:07.205+0000] {taskinstance.py:2867} INFO - Starting attempt 1 of 2
[2025-04-23T18:54:07.216+0000] {taskinstance.py:2890} INFO - Executing <Task(PythonOperator): ingestao_azure-2446> on 2025-04-23 18:54:06.556198+00:00
[2025-04-23T18:54:07.222+0000] {standard_task_runner.py:72} INFO - Started process 2894 to run task
[2025-04-23T18:54:07.226+0000] {standard_task_runner.py:104} INFO - Running: ['***', 'tasks', 'run', 'ingestao-blobstorage-azure', 'ingestao_azure-2446', 'manual__2025-04-23T18:54:06.556198+00:00', '--job-id', '88', '--raw', '--subdir', 'DAGS_FOLDER/ingestao-blobstorage-azure.py', '--cfg-path', '/tmp/tmpnm79wuh6']
[2025-04-23T18:54:07.229+0000] {standard_task_runner.py:105} INFO - Job 88: Subtask ingestao_azure-2446
[2025-04-23T18:54:07.273+0000] {task_command.py:467} INFO - Running <TaskInstance: ingestao-blobstorage-azure.ingestao_azure-2446 manual__2025-04-23T18:54:06.556198+00:00 [running]> on host e50052774237
[2025-04-23T18:54:07.338+0000] {taskinstance.py:3134} INFO - Exporting env vars: AIRFLOW_CTX_DAG_OWNER='***' AIRFLOW_CTX_DAG_ID='ingestao-blobstorage-azure' AIRFLOW_CTX_TASK_ID='ingestao_azure-2446' AIRFLOW_CTX_EXECUTION_DATE='2025-04-23T18:54:06.556198+00:00' AIRFLOW_CTX_TRY_NUMBER='1' AIRFLOW_CTX_DAG_RUN_ID='manual__2025-04-23T18:54:06.556198+00:00'
[2025-04-23T18:54:07.340+0000] {taskinstance.py:732} INFO - ::endgroup::
[2025-04-23T18:54:08.049+0000] {_universal.py:506} INFO - Request URL: 'https://rpeottaprojeto.blob.core.windows.net/brasfels-2446/LD-2446-PE-CAR-PLN-GRC-001-R0.xlsx'
Request method: 'PUT'
Request headers:
    'Content-Length': '4187310'
    'x-ms-blob-type': 'REDACTED'
    'x-ms-version': 'REDACTED'
    'Content-Type': 'application/octet-stream'
    'Accept': 'application/xml'
    'User-Agent': 'azsdk-python-storage-blob/12.24.1 Python/3.10.16 (Linux-5.15.167.4-microsoft-standard-WSL2-x86_64-with-glibc2.36)'
    'x-ms-date': 'REDACTED'
    'x-ms-client-request-id': '560d3f7c-2074-11f0-9553-9e5d745be2f1'
    'Authorization': 'REDACTED'
A body is sent with the request
[2025-04-23T18:54:11.127+0000] {_universal.py:545} INFO - Response status: 201
Response headers:
    'Content-Length': '0'
    'Content-MD5': 'REDACTED'
    'Last-Modified': 'Wed, 23 Apr 2025 18:54:11 GMT'
    'ETag': '"0x8DD82983C07BF69"'
    'Server': 'Windows-Azure-Blob/1.0 Microsoft-HTTPAPI/2.0'
    'x-ms-request-id': 'efd28072-601e-004c-7481-b482fb000000'
    'x-ms-client-request-id': '560d3f7c-2074-11f0-9553-9e5d745be2f1'
    'x-ms-version': 'REDACTED'
    'x-ms-content-crc64': 'REDACTED'
    'x-ms-request-server-encrypted': 'REDACTED'
    'Date': 'Wed, 23 Apr 2025 18:54:10 GMT'
[2025-04-23T18:54:11.129+0000] {logging_mixin.py:190} INFO - Arquivo 'LD-2446-PE-CAR-PLN-GRC-001-R0.xlsx' enviado com sucesso para o container 'brasfels-2446'.
[2025-04-23T18:54:11.400+0000] {_universal.py:506} INFO - Request URL: 'https://rpeottaprojeto.blob.core.windows.net/brasfels-2446/CS-2446-PE-CAR-PLN-GRC-001-R0.xlsx'
Request method: 'PUT'
Request headers:
    'Content-Length': '80279'
    'x-ms-blob-type': 'REDACTED'
    'x-ms-version': 'REDACTED'
    'Content-Type': 'application/octet-stream'
    'Accept': 'application/xml'
    'User-Agent': 'azsdk-python-storage-blob/12.24.1 Python/3.10.16 (Linux-5.15.167.4-microsoft-standard-WSL2-x86_64-with-glibc2.36)'
    'x-ms-date': 'REDACTED'
    'x-ms-client-request-id': '580ca808-2074-11f0-9553-9e5d745be2f1'
    'Authorization': 'REDACTED'
A body is sent with the request
[2025-04-23T18:54:12.711+0000] {_universal.py:545} INFO - Response status: 201
Response headers:
    'Content-Length': '0'
    'Content-MD5': 'REDACTED'
    'Last-Modified': 'Wed, 23 Apr 2025 18:54:12 GMT'
    'ETag': '"0x8DD82983CF4E505"'
    'Server': 'Windows-Azure-Blob/1.0 Microsoft-HTTPAPI/2.0'
    'x-ms-request-id': '3b73ab78-101e-0056-0f81-b4e324000000'
    'x-ms-client-request-id': '580ca808-2074-11f0-9553-9e5d745be2f1'
    'x-ms-version': 'REDACTED'
    'x-ms-content-crc64': 'REDACTED'
    'x-ms-request-server-encrypted': 'REDACTED'
    'Date': 'Wed, 23 Apr 2025 18:54:12 GMT'
[2025-04-23T18:54:12.715+0000] {logging_mixin.py:190} INFO - Arquivo 'CS-2446-PE-CAR-PLN-GRC-001-R0.xlsx' enviado com sucesso para o container 'brasfels-2446'.
[2025-04-23T18:54:13.167+0000] {_universal.py:506} INFO - Request URL: 'https://rpeottaprojeto.blob.core.windows.net/brasfels-2446/faturamento_2446.xlsx'
Request method: 'PUT'
Request headers:
    'Content-Length': '8935'
    'x-ms-blob-type': 'REDACTED'
    'x-ms-version': 'REDACTED'
    'Content-Type': 'application/octet-stream'
    'Accept': 'application/xml'
    'User-Agent': 'azsdk-python-storage-blob/12.24.1 Python/3.10.16 (Linux-5.15.167.4-microsoft-standard-WSL2-x86_64-with-glibc2.36)'
    'x-ms-date': 'REDACTED'
    'x-ms-client-request-id': '591a3d8c-2074-11f0-9553-9e5d745be2f1'
    'Authorization': 'REDACTED'
A body is sent with the request
[2025-04-23T18:54:14.155+0000] {_universal.py:545} INFO - Response status: 201
Response headers:
    'Content-Length': '0'
    'Content-MD5': 'REDACTED'
    'Last-Modified': 'Wed, 23 Apr 2025 18:54:13 GMT'
    'ETag': '"0x8DD82983DCA7E7A"'
    'Server': 'Windows-Azure-Blob/1.0 Microsoft-HTTPAPI/2.0'
    'x-ms-request-id': '5d77e4f8-301e-0041-3781-b44a2f000000'
    'x-ms-client-request-id': '591a3d8c-2074-11f0-9553-9e5d745be2f1'
    'x-ms-version': 'REDACTED'
    'x-ms-content-crc64': 'REDACTED'
    'x-ms-request-server-encrypted': 'REDACTED'
    'Date': 'Wed, 23 Apr 2025 18:54:13 GMT'
[2025-04-23T18:54:14.156+0000] {logging_mixin.py:190} INFO - Arquivo 'faturamento_2446.xlsx' enviado com sucesso para o container 'brasfels-2446'.
[2025-04-23T18:54:14.399+0000] {_universal.py:506} INFO - Request URL: 'https://rpeottaprojeto.blob.core.windows.net/brasfels-2446/PAR_2446_BRASFELS_R0.xlsx'
Request method: 'PUT'
Request headers:
    'Content-Length': '120741'
    'x-ms-blob-type': 'REDACTED'
    'x-ms-version': 'REDACTED'
    'Content-Type': 'application/octet-stream'
    'Accept': 'application/xml'
    'User-Agent': 'azsdk-python-storage-blob/12.24.1 Python/3.10.16 (Linux-5.15.167.4-microsoft-standard-WSL2-x86_64-with-glibc2.36)'
    'x-ms-date': 'REDACTED'
    'x-ms-client-request-id': '59d637d0-2074-11f0-9553-9e5d745be2f1'
    'Authorization': 'REDACTED'
A body is sent with the request
[2025-04-23T18:54:15.925+0000] {_universal.py:545} INFO - Response status: 201
Response headers:
    'Content-Length': '0'
    'Content-MD5': 'REDACTED'
    'Last-Modified': 'Wed, 23 Apr 2025 18:54:15 GMT'
    'ETag': '"0x8DD82983EE081E4"'
    'Server': 'Windows-Azure-Blob/1.0 Microsoft-HTTPAPI/2.0'
    'x-ms-request-id': 'f13f83ba-601e-0001-1381-b44d17000000'
    'x-ms-client-request-id': '59d637d0-2074-11f0-9553-9e5d745be2f1'
    'x-ms-version': 'REDACTED'
    'x-ms-content-crc64': 'REDACTED'
    'x-ms-request-server-encrypted': 'REDACTED'
    'Date': 'Wed, 23 Apr 2025 18:54:15 GMT'
[2025-04-23T18:54:15.929+0000] {logging_mixin.py:190} INFO - Arquivo 'PAR_2446_BRASFELS_R0.xlsx' enviado com sucesso para o container 'brasfels-2446'.
[2025-04-23T18:54:15.933+0000] {python.py:240} INFO - Done. Returned value was: None
[2025-04-23T18:54:15.952+0000] {taskinstance.py:341} INFO - ::group::Post task execution logs
[2025-04-23T18:54:15.956+0000] {taskinstance.py:353} INFO - Marking task as SUCCESS. dag_id=ingestao-blobstorage-azure, task_id=ingestao_azure-2446, run_id=manual__2025-04-23T18:54:06.556198+00:00, execution_date=20250423T185406, start_date=20250423T185407, end_date=20250423T185415
[2025-04-23T18:54:16.020+0000] {local_task_job_runner.py:266} INFO - Task exited with return code 0
[2025-04-23T18:54:16.041+0000] {taskinstance.py:3901} INFO - 0 downstream tasks scheduled from follow-on schedule check
[2025-04-23T18:54:16.057+0000] {local_task_job_runner.py:245} INFO - ::endgroup::
