[2025-04-22T19:08:49.270+0000] {local_task_job_runner.py:123} INFO - ::group::Pre task execution logs
[2025-04-22T19:08:49.286+0000] {taskinstance.py:2614} INFO - Dependencies all met for dep_context=non-requeueable deps ti=<TaskInstance: api-eclick.api-eclick scheduled__2025-04-19T17:00:00+00:00 [queued]>
[2025-04-22T19:08:49.294+0000] {taskinstance.py:2614} INFO - Dependencies all met for dep_context=requeueable deps ti=<TaskInstance: api-eclick.api-eclick scheduled__2025-04-19T17:00:00+00:00 [queued]>
[2025-04-22T19:08:49.296+0000] {taskinstance.py:2867} INFO - Starting attempt 1 of 1
[2025-04-22T19:08:49.312+0000] {taskinstance.py:2890} INFO - Executing <Task(PythonOperator): api-eclick> on 2025-04-19 17:00:00+00:00
[2025-04-22T19:08:49.320+0000] {warnings.py:112} WARNING - /home/***/.local/lib/python3.12/site-packages/***/task/task_runner/standard_task_runner.py:70: DeprecationWarning: This process (pid=79) is multi-threaded, use of fork() may lead to deadlocks in the child.
  pid = os.fork()

[2025-04-22T19:08:49.322+0000] {standard_task_runner.py:72} INFO - Started process 83 to run task
[2025-04-22T19:08:49.321+0000] {standard_task_runner.py:104} INFO - Running: ['***', 'tasks', 'run', 'api-eclick', 'api-eclick', 'scheduled__2025-04-19T17:00:00+00:00', '--job-id', '11', '--raw', '--subdir', 'DAGS_FOLDER/dag_projeto_api-eclick.py', '--cfg-path', '/tmp/tmpm8crlibw']
[2025-04-22T19:08:49.325+0000] {standard_task_runner.py:105} INFO - Job 11: Subtask api-eclick
[2025-04-22T19:08:49.384+0000] {task_command.py:467} INFO - Running <TaskInstance: api-eclick.api-eclick scheduled__2025-04-19T17:00:00+00:00 [running]> on host b23a63934d1d
[2025-04-22T19:08:49.467+0000] {taskinstance.py:3134} INFO - Exporting env vars: AIRFLOW_CTX_DAG_OWNER='arthur.lopes' AIRFLOW_CTX_DAG_ID='api-eclick' AIRFLOW_CTX_TASK_ID='api-eclick' AIRFLOW_CTX_EXECUTION_DATE='2025-04-19T17:00:00+00:00' AIRFLOW_CTX_TRY_NUMBER='1' AIRFLOW_CTX_DAG_RUN_ID='scheduled__2025-04-19T17:00:00+00:00'
[2025-04-22T19:08:49.468+0000] {taskinstance.py:732} INFO - ::endgroup::
[2025-04-22T19:11:12.995+0000] {job.py:229} INFO - Heartbeat recovered after 138.63 seconds
[2025-04-22T19:09:34.462+0000] {python.py:240} INFO - Done. Returned value was: None
[2025-04-22T19:09:34.473+0000] {taskinstance.py:341} INFO - ::group::Post task execution logs
[2025-04-22T19:09:34.474+0000] {taskinstance.py:353} INFO - Marking task as SUCCESS. dag_id=api-eclick, task_id=api-eclick, run_id=scheduled__2025-04-19T17:00:00+00:00, execution_date=20250419T170000, start_date=20250422T190849, end_date=20250422T190934
[2025-04-22T19:13:41.665+0000] {job.py:229} INFO - Heartbeat recovered after 138.56 seconds
[2025-04-22T19:13:41.679+0000] {local_task_job_runner.py:266} INFO - Task exited with return code 0
[2025-04-22T19:13:41.694+0000] {taskinstance.py:3901} INFO - 0 downstream tasks scheduled from follow-on schedule check
[2025-04-22T19:13:41.698+0000] {local_task_job_runner.py:245} INFO - ::endgroup::
